17:13:28 **** Build of configuration Debug for project Drill ****
make all 
Building file: ../src/main.cpp
Invoking: Cygwin C++ Compiler
g++ -O0 -g3 -Wall -c -fmessage-length=0 -MMD -MP -MF"src/main.d" -MT"src/main.d" -o "src/main.o" "../src/main.cpp"
Finished building: ../src/main.cpp
 
Building target: Drill.exe
Invoking: Cygwin C++ Linker
g++  -o "Drill.exe"  ./src/main.o   
Finished building target: Drill.exe
 
17:13:41 **** Incremental Build of configuration Debug for project Drill ****
make all 
make: Nothing to be done for 'all'.
17:17:51 **** Incremental Build of configuration Debug for project Drill ****
make all 
Building file: ../src/main.cpp
Invoking: Cygwin C++ Compiler
g++ -O0 -g3 -Wall -c -fmessage-length=0 -MMD -MP -MF"src/main.d" -MT"src/main.d" -o "src/main.o" "../src/main.cpp"
../src/main.cpp:20:1: error: stray '\205' in program
 catch (…) {
 ^
../src/main.cpp: In function 'int main()':
../src/main.cpp:11:6: error: no match for 'operator<<' (operand types are 'std::istream {aka std::basic_istream<char>}' and 'const char [10]')
  cin << "Success!\n";
      ^
In file included from /usr/lib/gcc/x86_64-pc-msys/5.3.0/include/c++/string:52:0,
                 from /usr/lib/gcc/x86_64-pc-msys/5.3.0/include/c++/bits/locale_classes.h:40,
                 from /usr/lib/gcc/x86_64-pc-msys/5.3.0/include/c++/bits/ios_base.h:41,
                 from /usr/lib/gcc/x86_64-pc-msys/5.3.0/include/c++/ios:42,
                 from /usr/lib/gcc/x86_64-pc-msys/5.3.0/include/c++/ostream:38,
                 from /usr/lib/gcc/x86_64-pc-msys/5.3.0/include/c++/iostream:39,
                 from ../src/main.cpp:1:
/usr/lib/gcc/x86_64-pc-msys/5.3.0/include/c++/bits/basic_string.h:5174:5: note: candidate: template<class _CharT, class _Traits, class _Alloc> std::basic_ostream<_CharT, _Traits>& std::operator<<(std::basic_ostream<_CharT, _Traits>&, const std::basic_string<_CharT, _Traits, _Alloc>&)
     operator<<(basic_ostream<_CharT, _Traits>& __os,
     ^
/usr/lib/gcc/x86_64-pc-msys/5.3.0/include/c++/bits/basic_string.h:5174:5: note:   template argument deduction/substitution failed:
../src/main.cpp:11:9: note:   'std::istream {aka std::basic_istream<char>}' is not derived from 'std::basic_ostream<_CharT, _Traits>'
  cin << "Success!\n";
         ^
In file included from /usr/lib/gcc/x86_64-pc-msys/5.3.0/include/c++/iostream:39:0,
                 from ../src/main.cpp:1:
/usr/lib/gcc/x86_64-pc-msys/5.3.0/include/c++/ostream:497:5: note: candidate: template<class _CharT, class _Traits> std::basic_ostream<_CharT, _Traits>& std::operator<<(std::basic_ostream<_CharT, _Traits>&, _CharT)
     operator<<(basic_ostream<_CharT, _Traits>& __out, _CharT __c)
     ^
/usr/lib/gcc/x86_64-pc-msys/5.3.0/include/c++/ostream:497:5: note:   template argument deduction/substitution failed:
../src/main.cpp:11:9: note:   'std::istream {aka std::basic_istream<char>}' is not derived from 'std::basic_ostream<_CharT, _Traits>'
  cin << "Success!\n";
         ^
In file included from /usr/lib/gcc/x86_64-pc-msys/5.3.0/include/c++/iostream:39:0,
                 from ../src/main.cpp:1:
/usr/lib/gcc/x86_64-pc-msys/5.3.0/include/c++/ostream:502:5: note: candidate: template<class _CharT, class _Traits> std::basic_ostream<_CharT, _Traits>& std::operator<<(std::basic_ostream<_CharT, _Traits>&, char)
     operator<<(basic_ostream<_CharT, _Traits>& __out, char __c)
     ^
/usr/lib/gcc/x86_64-pc-msys/5.3.0/include/c++/ostream:502:5: note:   template argument deduction/substitution failed:
../src/main.cpp:11:9: note:   'std::istream {aka std::basic_istream<char>}' is not derived from 'std::basic_ostream<_CharT, _Traits>'
  cin << "Success!\n";
         ^
In file included from /usr/lib/gcc/x86_64-pc-msys/5.3.0/include/c++/iostream:39:0,
                 from ../src/main.cpp:1:
/usr/lib/gcc/x86_64-pc-msys/5.3.0/include/c++/ostream:508:5: note: candidate: template<class _Traits> std::basic_ostream<char, _Traits>& std::operator<<(std::basic_ostream<char, _Traits>&, char)
     operator<<(basic_ostream<char, _Traits>& __out, char __c)
     ^
/usr/lib/gcc/x86_64-pc-msys/5.3.0/include/c++/ostream:508:5: note:   template argument deduction/substitution failed:
../src/main.cpp:11:9: note:   'std::istream {aka std::basic_istream<char>}' is not derived from 'std::basic_ostream<char, _Traits>'
  cin << "Success!\n";
         ^
In file included from /usr/lib/gcc/x86_64-pc-msys/5.3.0/include/c++/iostream:39:0,
                 from ../src/main.cpp:1:
/usr/lib/gcc/x86_64-pc-msys/5.3.0/include/c++/ostream:514:5: note: candidate: template<class _Traits> std::basic_ostream<char, _Traits>& std::operator<<(std::basic_ostream<char, _Traits>&, signed char)
     operator<<(basic_ostream<char, _Traits>& __out, signed char __c)
     ^
/usr/lib/gcc/x86_64-pc-msys/5.3.0/include/c++/ostream:514:5: note:   template argument deduction/substitution failed:
../src/main.cpp:11:9: note:   'std::istream {aka std::basic_istream<char>}' is not derived from 'std::basic_ostream<char, _Traits>'
  cin << "Success!\n";
         ^
In file included from /usr/lib/gcc/x86_64-pc-msys/5.3.0/include/c++/iostream:39:0,
                 from ../src/main.cpp:1:
/usr/lib/gcc/x86_64-pc-msys/5.3.0/include/c++/ostream:519:5: note: candidate: template<class _Traits> std::basic_ostream<char, _Traits>& std::operator<<(std::basic_ostream<char, _Traits>&, unsigned char)
     operator<<(basic_ostream<char, _Traits>& __out, unsigned char __c)
     ^
/usr/lib/gcc/x86_64-pc-msys/5.3.0/include/c++/ostream:519:5: note:   template argument deduction/substitution failed:
../src/main.cpp:11:9: note:   'std::istream {aka std::basic_istream<char>}' is not derived from 'std::basic_ostream<char, _Traits>'
  cin << "Success!\n";
         ^
In file included from /usr/lib/gcc/x86_64-pc-msys/5.3.0/include/c++/iostream:39:0,
                 from ../src/main.cpp:1:
/usr/lib/gcc/x86_64-pc-msys/5.3.0/include/c++/ostream:539:5: note: candidate: template<class _CharT, class _Traits> std::basic_ostream<_CharT, _Traits>& std::operator<<(std::basic_ostream<_CharT, _Traits>&, const _CharT*)
     operator<<(basic_ostream<_CharT, _Traits>& __out, const _CharT* __s)
     ^
/usr/lib/gcc/x86_64-pc-msys/5.3.0/include/c++/ostream:539:5: note:   template argument deduction/substitution failed:
../src/main.cpp:11:9: note:   'std::istream {aka std::basic_istream<char>}' is not derived from 'std::basic_ostream<_CharT, _Traits>'
  cin << "Success!\n";
         ^
In file included from /usr/lib/gcc/x86_64-pc-msys/5.3.0/include/c++/ostream:638:0,
                 from /usr/lib/gcc/x86_64-pc-msys/5.3.0/include/c++/iostream:39,
                 from ../src/main.cpp:1:
/usr/lib/gcc/x86_64-pc-msys/5.3.0/include/c++/bits/ostream.tcc:321:5: note: candidate: template<class _CharT, class _Traits> std::basic_ostream<_CharT, _Traits>& std::operator<<(std::basic_ostream<_CharT, _Traits>&, const char*)
     operator<<(basic_ostream<_CharT, _Traits>& __out, const char* __s)
     ^
/usr/lib/gcc/x86_64-pc-msys/5.3.0/include/c++/bits/ostream.tcc:321:5: note:   template argument deduction/substitution failed:
../src/main.cpp:11:9: note:   'std::istream {aka std::basic_istream<char>}' is not derived from 'std::basic_ostream<_CharT, _Traits>'
  cin << "Success!\n";
         ^
In file included from /usr/lib/gcc/x86_64-pc-msys/5.3.0/include/c++/iostream:39:0,
                 from ../src/main.cpp:1:
/usr/lib/gcc/x86_64-pc-msys/5.3.0/include/c++/ostream:556:5: note: candidate: template<class _Traits> std::basic_ostream<char, _Traits>& std::operator<<(std::basic_ostream<char, _Traits>&, const char*)
     operator<<(basic_ostream<char, _Traits>& __out, const char* __s)
     ^
/usr/lib/gcc/x86_64-pc-msys/5.3.0/include/c++/ostream:556:5: note:   template argument deduction/substitution failed:
../src/main.cpp:11:9: note:   'std::istream {aka std::basic_istream<char>}' is not derived from 'std::basic_ostream<char, _Traits>'
  cin << "Success!\n";
         ^
In file included from /usr/lib/gcc/x86_64-pc-msys/5.3.0/include/c++/iostream:39:0,
                 from ../src/main.cpp:1:
/usr/lib/gcc/x86_64-pc-msys/5.3.0/include/c++/ostream:569:5: note: candidate: template<class _Traits> std::basic_ostream<char, _Traits>& std::operator<<(std::basic_ostream<char, _Traits>&, const signed char*)
     operator<<(basic_ostream<char, _Traits>& __out, const signed char* __s)
     ^
/usr/lib/gcc/x86_64-pc-msys/5.3.0/include/c++/ostream:569:5: note:   template argument deduction/substitution failed:
../src/main.cpp:11:9: note:   'std::istream {aka std::basic_istream<char>}' is not derived from 'std::basic_ostream<char, _Traits>'
  cin << "Success!\n";
         ^
In file included from /usr/lib/gcc/x86_64-pc-msys/5.3.0/include/c++/iostream:39:0,
                 from ../src/main.cpp:1:
/usr/lib/gcc/x86_64-pc-msys/5.3.0/include/c++/ostream:574:5: note: candidate: template<class _Traits> std::basic_ostream<char, _Traits>& std::operator<<(std::basic_ostream<char, _Traits>&, const unsigned char*)
     operator<<(basic_ostream<char, _Traits>& __out, const unsigned char* __s)
     ^
/usr/lib/gcc/x86_64-pc-msys/5.3.0/include/c++/ostream:574:5: note:   template argument deduction/substitution failed:
../src/main.cpp:11:9: note:   'std::istream {aka std::basic_istream<char>}' is not derived from 'std::basic_ostream<char, _Traits>'
  cin << "Success!\n";
         ^
../src/main.cpp:20:9: error: expected type-specifier before ')' token
 catch (…) {
         ^
make: *** [src/subdir.mk:20: src/main.o] Error 1
17:19:02 **** Incremental Build of configuration Debug for project Drill ****
make all 
Building file: ../src/main.cpp
Invoking: Cygwin C++ Compiler
g++ -O0 -g3 -Wall -c -fmessage-length=0 -MMD -MP -MF"src/main.d" -MT"src/main.d" -o "src/main.o" "../src/main.cpp"
../src/main.cpp: In function 'int main()':
../src/main.cpp:20:8: error: expected type-specifier before ')' token
 catch () {
        ^
make: *** [src/subdir.mk:20: src/main.o] Error 1
17:19:10 **** Incremental Build of configuration Debug for project Drill ****
make all 
Building file: ../src/main.cpp
Invoking: Cygwin C++ Compiler
g++ -O0 -g3 -Wall -c -fmessage-length=0 -MMD -MP -MF"src/main.d" -MT"src/main.d" -o "src/main.o" "../src/main.cpp"
../src/main.cpp: In function 'int main()':
../src/main.cpp:20:8: error: expected type-specifier before ')' token
 catch () {
        ^
make: *** [src/subdir.mk:20: src/main.o] Error 1
17:19:19 **** Incremental Build of configuration Debug for project Drill ****
make all 
Building file: ../src/main.cpp
Invoking: Cygwin C++ Compiler
g++ -O0 -g3 -Wall -c -fmessage-length=0 -MMD -MP -MF"src/main.d" -MT"src/main.d" -o "src/main.o" "../src/main.cpp"
../src/main.cpp: In function 'int main()':
../src/main.cpp:20:8: error: expected type-specifier before ')' token
 catch () {
        ^
make: *** [src/subdir.mk:20: src/main.o] Error 1
17:19:39 **** Incremental Build of configuration Debug for project Drill ****
make all 
Building file: ../src/main.cpp
Invoking: Cygwin C++ Compiler
g++ -O0 -g3 -Wall -c -fmessage-length=0 -MMD -MP -MF"src/main.d" -MT"src/main.d" -o "src/main.o" "../src/main.cpp"
Finished building: ../src/main.cpp
 
Building target: Drill.exe
Invoking: Cygwin C++ Linker
g++  -o "Drill.exe"  ./src/main.o   
Finished building target: Drill.exe
 
17:19:47 **** Incremental Build of configuration Debug for project Drill ****
make all 
make: Nothing to be done for 'all'.
17:26:13 **** Incremental Build of configuration Debug for project Drill ****
make all 
make: Nothing to be done for 'all'.
17:26:14 **** Build of configuration Debug for project Exercise02 ****
make all 
Building file: ../src/main.cpp
Invoking: Cygwin C++ Compiler
g++ -O0 -g3 -Wall -c -fmessage-length=0 -MMD -MP -MF"src/main.d" -MT"src/main.d" -o "src/main.o" "../src/main.cpp"
../src/main.cpp: In function 'double ctok(double)':
../src/main.cpp:8:9: error: expected primary-expression before 'int'
  return int;
         ^
../src/main.cpp:8:9: error: expected ';' before 'int'
../src/main.cpp:8:9: error: declaration does not declare anything [-fpermissive]
../src/main.cpp:7:6: warning: unused variable 'k' [-Wunused-variable]
  int k = c + 273.15;
      ^
../src/main.cpp: In function 'int main()':
../src/main.cpp:13:9: error: 'd' was not declared in this scope
  cin >> d;
         ^
../src/main.cpp:14:21: error: cannot convert 'const char*' to 'double' for argument '1' to 'double ctok(double)'
  double k = ctok("c");
                     ^
../src/main.cpp:15:2: error: 'Cout' was not declared in this scope
  Cout << k << "\n";
  ^
../src/main.cpp:12:9: warning: unused variable 'c' [-Wunused-variable]
  double c = 0;
         ^
make: *** [src/subdir.mk:20: src/main.o] Error 1
17:28:53 **** Incremental Build of configuration Debug for project Drill ****
make all 
make: Nothing to be done for 'all'.
17:28:54 **** Incremental Build of configuration Debug for project Exercise02 ****
make all 
Building file: ../src/main.cpp
Invoking: Cygwin C++ Compiler
g++ -O0 -g3 -Wall -c -fmessage-length=0 -MMD -MP -MF"src/main.d" -MT"src/main.d" -o "src/main.o" "../src/main.cpp"
../src/main.cpp: In function 'double ctok(double)':
../src/main.cpp:8:9: error: expected primary-expression before 'double'
  return double;
         ^
../src/main.cpp:8:9: error: expected ';' before 'double'
../src/main.cpp:8:9: error: declaration does not declare anything [-fpermissive]
../src/main.cpp:7:6: warning: unused variable 'k' [-Wunused-variable]
  int k = c + 273.15;
      ^
make: *** [src/subdir.mk:20: src/main.o] Error 1
17:30:08 **** Incremental Build of configuration Debug for project Drill ****
make all 
make: Nothing to be done for 'all'.
17:30:08 **** Incremental Build of configuration Debug for project Exercise02 ****
make all 
Building file: ../src/main.cpp
Invoking: Cygwin C++ Compiler
g++ -O0 -g3 -Wall -c -fmessage-length=0 -MMD -MP -MF"src/main.d" -MT"src/main.d" -o "src/main.o" "../src/main.cpp"
../src/main.cpp: In function 'double ctok(double)':
../src/main.cpp:8:9: error: expected primary-expression before 'int'
  return int;
         ^
../src/main.cpp:8:9: error: expected ';' before 'int'
../src/main.cpp:8:9: error: declaration does not declare anything [-fpermissive]
../src/main.cpp:7:6: warning: unused variable 'k' [-Wunused-variable]
  int k = c + 273.15;
      ^
make: *** [src/subdir.mk:20: src/main.o] Error 1
17:30:58 **** Incremental Build of configuration Debug for project Drill ****
make all 
make: Nothing to be done for 'all'.
17:30:59 **** Incremental Build of configuration Debug for project Exercise02 ****
make all 
Building file: ../src/main.cpp
Invoking: Cygwin C++ Compiler
g++ -O0 -g3 -Wall -c -fmessage-length=0 -MMD -MP -MF"src/main.d" -MT"src/main.d" -o "src/main.o" "../src/main.cpp"
Finished building: ../src/main.cpp
 
Building target: Exercise02.exe
Invoking: Cygwin C++ Linker
g++  -o "Exercise02.exe"  ./src/main.o   
Finished building target: Exercise02.exe
 
17:31:08 **** Incremental Build of configuration Debug for project Exercise02 ****
make all 
make: Nothing to be done for 'all'.
17:35:05 **** Incremental Build of configuration Debug for project Drill ****
make all 
make: Nothing to be done for 'all'.
17:35:06 **** Incremental Build of configuration Debug for project Exercise02 ****
make all 
make: Nothing to be done for 'all'.
17:35:06 **** Build of configuration Debug for project Exercise03 ****
make all 
Building file: ../src/main.cpp
Invoking: Cygwin C++ Compiler
g++ -O0 -g3 -Wall -c -fmessage-length=0 -MMD -MP -MF"src/main.d" -MT"src/main.d" -o "src/main.o" "../src/main.cpp"
Finished building: ../src/main.cpp
 
Building target: Exercise03.exe
Invoking: Cygwin C++ Linker
g++  -o "Exercise03.exe"  ./src/main.o   
Finished building target: Exercise03.exe
 
17:35:12 **** Incremental Build of configuration Debug for project Exercise03 ****
make all 
make: Nothing to be done for 'all'.
17:37:05 **** Incremental Build of configuration Debug for project Drill ****
make all 
make: Nothing to be done for 'all'.
17:37:06 **** Incremental Build of configuration Debug for project Exercise02 ****
make all 
make: Nothing to be done for 'all'.
17:37:07 **** Incremental Build of configuration Debug for project Exercise03 ****
make all 
make: Nothing to be done for 'all'.
17:37:08 **** Build of configuration Debug for project Exercise04 ****
make all 
Building file: ../src/main.cpp
Invoking: Cygwin C++ Compiler
g++ -O0 -g3 -Wall -c -fmessage-length=0 -MMD -MP -MF"src/main.d" -MT"src/main.d" -o "src/main.o" "../src/main.cpp"
Finished building: ../src/main.cpp
 
Building target: Exercise04.exe
Invoking: Cygwin C++ Linker
g++  -o "Exercise04.exe"  ./src/main.o   
Finished building target: Exercise04.exe
 
17:37:14 **** Incremental Build of configuration Debug for project Exercise04 ****
make all 
make: Nothing to be done for 'all'.
17:38:00 **** Incremental Build of configuration Debug for project Exercise04 ****
make all 
Building file: ../src/main.cpp
Invoking: Cygwin C++ Compiler
g++ -O0 -g3 -Wall -c -fmessage-length=0 -MMD -MP -MF"src/main.d" -MT"src/main.d" -o "src/main.o" "../src/main.cpp"
../src/main.cpp: In function 'double ctok(double)':
../src/main.cpp:14:1: warning: control reaches end of non-void function [-Wreturn-type]
 }
 ^
Finished building: ../src/main.cpp
 
Building target: Exercise04.exe
Invoking: Cygwin C++ Linker
g++  -o "Exercise04.exe"  ./src/main.o   
Finished building target: Exercise04.exe
 
17:38:10 **** Incremental Build of configuration Debug for project Drill ****
make all 
make: Nothing to be done for 'all'.
17:38:10 **** Incremental Build of configuration Debug for project Exercise02 ****
make all 
make: Nothing to be done for 'all'.
17:38:11 **** Incremental Build of configuration Debug for project Exercise03 ****
make all 
make: Nothing to be done for 'all'.
17:38:11 **** Incremental Build of configuration Debug for project Exercise04 ****
make all 
make: Nothing to be done for 'all'.
17:38:16 **** Incremental Build of configuration Debug for project Exercise04 ****
make all 
make: Nothing to be done for 'all'.
17:39:00 **** Incremental Build of configuration Debug for project Drill ****
make all 
make: Nothing to be done for 'all'.
17:39:01 **** Incremental Build of configuration Debug for project Exercise02 ****
make all 
make: Nothing to be done for 'all'.
17:39:02 **** Incremental Build of configuration Debug for project Exercise03 ****
make all 
make: Nothing to be done for 'all'.
17:39:02 **** Incremental Build of configuration Debug for project Exercise04 ****
make all 
Building file: ../src/main.cpp
Invoking: Cygwin C++ Compiler
g++ -O0 -g3 -Wall -c -fmessage-length=0 -MMD -MP -MF"src/main.d" -MT"src/main.d" -o "src/main.o" "../src/main.cpp"
../src/main.cpp: In function 'int main()':
../src/main.cpp:20:10: warning: the address of 'double ctok(double)' will always evaluate as 'true' [-Waddress]
  cout << ctok;
          ^
../src/main.cpp:19:9: warning: unused variable 'k' [-Wunused-variable]
  double k = ctok(c); // changed "c" to a double
         ^
../src/main.cpp: In function 'double ctok(double)':
../src/main.cpp:14:1: warning: control reaches end of non-void function [-Wreturn-type]
 }
 ^
Finished building: ../src/main.cpp
 
Building target: Exercise04.exe
Invoking: Cygwin C++ Linker
g++  -o "Exercise04.exe"  ./src/main.o   
Finished building target: Exercise04.exe
 
17:39:08 **** Incremental Build of configuration Debug for project Exercise04 ****
make all 
make: Nothing to be done for 'all'.
17:39:27 **** Incremental Build of configuration Debug for project Drill ****
make all 
make: Nothing to be done for 'all'.
17:39:27 **** Incremental Build of configuration Debug for project Exercise02 ****
make all 
make: Nothing to be done for 'all'.
17:39:28 **** Incremental Build of configuration Debug for project Exercise03 ****
make all 
make: Nothing to be done for 'all'.
17:39:29 **** Incremental Build of configuration Debug for project Exercise04 ****
make all 
Building file: ../src/main.cpp
Invoking: Cygwin C++ Compiler
g++ -O0 -g3 -Wall -c -fmessage-length=0 -MMD -MP -MF"src/main.d" -MT"src/main.d" -o "src/main.o" "../src/main.cpp"
../src/main.cpp: In function 'int main()':
../src/main.cpp:19:9: warning: unused variable 'k' [-Wunused-variable]
  double k = ctok(c); // changed "c" to a double
         ^
../src/main.cpp: In function 'double ctok(double)':
../src/main.cpp:14:1: warning: control reaches end of non-void function [-Wreturn-type]
 }
 ^
Finished building: ../src/main.cpp
 
Building target: Exercise04.exe
Invoking: Cygwin C++ Linker
g++  -o "Exercise04.exe"  ./src/main.o   
Finished building target: Exercise04.exe
 
17:39:38 **** Incremental Build of configuration Debug for project Exercise04 ****
make all 
make: Nothing to be done for 'all'.
17:39:54 **** Incremental Build of configuration Debug for project Exercise04 ****
make all 
make: Nothing to be done for 'all'.
17:40:31 **** Incremental Build of configuration Debug for project Drill ****
make all 
make: Nothing to be done for 'all'.
17:40:31 **** Incremental Build of configuration Debug for project Exercise02 ****
make all 
make: Nothing to be done for 'all'.
17:40:32 **** Incremental Build of configuration Debug for project Exercise03 ****
make all 
make: Nothing to be done for 'all'.
17:40:33 **** Incremental Build of configuration Debug for project Exercise04 ****
make all 
Building file: ../src/main.cpp
Invoking: Cygwin C++ Compiler
g++ -O0 -g3 -Wall -c -fmessage-length=0 -MMD -MP -MF"src/main.d" -MT"src/main.d" -o "src/main.o" "../src/main.cpp"
../src/main.cpp: In function 'double ctok(double)':
../src/main.cpp:14:1: warning: no return statement in function returning non-void [-Wreturn-type]
 }
 ^
../src/main.cpp: In function 'int main()':
../src/main.cpp:19:9: warning: unused variable 'k' [-Wunused-variable]
  double k = ctok(c); // changed "c" to a double
         ^
Finished building: ../src/main.cpp
 
Building target: Exercise04.exe
Invoking: Cygwin C++ Linker
g++  -o "Exercise04.exe"  ./src/main.o   
Finished building target: Exercise04.exe
 
17:40:39 **** Incremental Build of configuration Debug for project Exercise04 ****
make all 
make: Nothing to be done for 'all'.
17:40:58 **** Incremental Build of configuration Debug for project Exercise03 ****
make all 
make: Nothing to be done for 'all'.
17:41:12 **** Incremental Build of configuration Debug for project Exercise04 ****
make all 
make: Nothing to be done for 'all'.
17:41:48 **** Incremental Build of configuration Debug for project Drill ****
make all 
make: Nothing to be done for 'all'.
17:41:49 **** Incremental Build of configuration Debug for project Exercise02 ****
make all 
make: Nothing to be done for 'all'.
17:41:49 **** Incremental Build of configuration Debug for project Exercise03 ****
make all 
Building file: ../src/main.cpp
Invoking: Cygwin C++ Compiler
g++ -O0 -g3 -Wall -c -fmessage-length=0 -MMD -MP -MF"src/main.d" -MT"src/main.d" -o "src/main.o" "../src/main.cpp"
Finished building: ../src/main.cpp
 
Building target: Exercise03.exe
Invoking: Cygwin C++ Linker
g++  -o "Exercise03.exe"  ./src/main.o   
Finished building target: Exercise03.exe
 
17:41:53 **** Incremental Build of configuration Debug for project Exercise04 ****
make all 
Building file: ../src/main.cpp
Invoking: Cygwin C++ Compiler
g++ -O0 -g3 -Wall -c -fmessage-length=0 -MMD -MP -MF"src/main.d" -MT"src/main.d" -o "src/main.o" "../src/main.cpp"
../src/main.cpp: In function 'double ctok(double)':
../src/main.cpp:14:1: warning: no return statement in function returning non-void [-Wreturn-type]
 }
 ^
../src/main.cpp: In function 'int main()':
../src/main.cpp:19:9: warning: unused variable 'k' [-Wunused-variable]
  double k = ctok(c);
         ^
Finished building: ../src/main.cpp
 
Building target: Exercise04.exe
Invoking: Cygwin C++ Linker
g++  -o "Exercise04.exe"  ./src/main.o   
Finished building target: Exercise04.exe
 
17:41:59 **** Incremental Build of configuration Debug for project Exercise03 ****
make all 
make: Nothing to be done for 'all'.
17:42:06 **** Incremental Build of configuration Debug for project Exercise04 ****
make all 
make: Nothing to be done for 'all'.
17:52:21 **** Incremental Build of configuration Debug for project Drill ****
make all 
make: Nothing to be done for 'all'.
17:52:22 **** Incremental Build of configuration Debug for project Exercise02 ****
make all 
make: Nothing to be done for 'all'.
17:52:23 **** Incremental Build of configuration Debug for project Exercise03 ****
make all 
Building file: ../src/main.cpp
Invoking: Cygwin C++ Compiler
g++ -O0 -g3 -Wall -c -fmessage-length=0 -MMD -MP -MF"src/main.d" -MT"src/main.d" -o "src/main.o" "../src/main.cpp"
Finished building: ../src/main.cpp
 
Building target: Exercise03.exe
Invoking: Cygwin C++ Linker
g++  -o "Exercise03.exe"  ./src/main.o   
Finished building target: Exercise03.exe
 
17:52:25 **** Incremental Build of configuration Debug for project Exercise04 ****
make all 
make: Nothing to be done for 'all'.
17:52:26 **** Build of configuration Debug for project Exercise05 ****
make all 
Building file: ../src/main.cpp
Invoking: Cygwin C++ Compiler
g++ -O0 -g3 -Wall -c -fmessage-length=0 -MMD -MP -MF"src/main.d" -MT"src/main.d" -o "src/main.o" "../src/main.cpp"
Finished building: ../src/main.cpp
 
Building target: Exercise05.exe
Invoking: Cygwin C++ Linker
g++  -o "Exercise05.exe"  ./src/main.o   
Finished building target: Exercise05.exe
 
17:52:33 **** Incremental Build of configuration Debug for project Exercise05 ****
make all 
make: Nothing to be done for 'all'.
17:52:48 **** Incremental Build of configuration Debug for project Exercise05 ****
make all 
make: Nothing to be done for 'all'.
18:15:42 **** Incremental Build of configuration Debug for project Exercise05 ****
make all 
make: Nothing to be done for 'all'.
18:15:51 **** Incremental Build of configuration Debug for project Exercise05 ****
make all 
make: Nothing to be done for 'all'.
18:16:01 **** Incremental Build of configuration Debug for project Exercise05 ****
make all 
make: Nothing to be done for 'all'.
18:52:29 **** Incremental Build of configuration Debug for project Drill ****
make all 
make: Nothing to be done for 'all'.
18:52:30 **** Incremental Build of configuration Debug for project Exercise02 ****
make all 
make: Nothing to be done for 'all'.
18:52:31 **** Incremental Build of configuration Debug for project Exercise03 ****
make all 
make: Nothing to be done for 'all'.
18:52:31 **** Incremental Build of configuration Debug for project Exercise04 ****
make all 
make: Nothing to be done for 'all'.
18:52:32 **** Incremental Build of configuration Debug for project Exercise05 ****
make all 
make: Nothing to be done for 'all'.
18:52:32 **** Build of configuration Debug for project Exercise07 ****
make all 
Building file: ../src/main.cpp
Invoking: Cygwin C++ Compiler
g++ -O0 -g3 -Wall -c -fmessage-length=0 -MMD -MP -MF"src/main.d" -MT"src/main.d" -o "src/main.o" "../src/main.cpp"
../src/main.cpp:7:28: error: 'b' has not been declared
 double roottest (double a, b, c)
                            ^
../src/main.cpp:7:31: error: 'c' has not been declared
 double roottest (double a, b, c)
                               ^
../src/main.cpp: In function 'double roottest(double, int, int)':
../src/main.cpp:9:27: error: 'b' was not declared in this scope
  double root1 = sqrt((pow(b, 2)-(4*a*c)), 2);
                           ^
../src/main.cpp:9:38: error: 'c' was not declared in this scope
  double root1 = sqrt((pow(b, 2)-(4*a*c)), 2);
                                      ^
../src/main.cpp: In function 'int main()':
../src/main.cpp:20:1: error: expected ';' before '}' token
 }
 ^
make: *** [src/subdir.mk:20: src/main.o] Error 1
18:53:10 **** Incremental Build of configuration Debug for project Drill ****
make all 
make: Nothing to be done for 'all'.
18:53:10 **** Incremental Build of configuration Debug for project Exercise02 ****
make all 
make: Nothing to be done for 'all'.
18:53:11 **** Incremental Build of configuration Debug for project Exercise03 ****
make all 
make: Nothing to be done for 'all'.
18:53:12 **** Incremental Build of configuration Debug for project Exercise04 ****
make all 
make: Nothing to be done for 'all'.
18:53:12 **** Incremental Build of configuration Debug for project Exercise05 ****
make all 
make: Nothing to be done for 'all'.
18:53:13 **** Incremental Build of configuration Debug for project Exercise07 ****
make all 
Building file: ../src/main.cpp
Invoking: Cygwin C++ Compiler
g++ -O0 -g3 -Wall -c -fmessage-length=0 -MMD -MP -MF"src/main.d" -MT"src/main.d" -o "src/main.o" "../src/main.cpp"
../src/main.cpp: In function 'double roottest(double, double, double)':
../src/main.cpp:9:44: error: no matching function for call to 'sqrt(double, int)'
  double root1 = sqrt((pow(b, 2)-(4*a*c)), 2);
                                            ^
In file included from /usr/lib/gcc/x86_64-pc-msys/5.3.0/include/c++/cmath:44:0,
                 from ../src/main.cpp:2:
/usr/include/math.h:135:15: note: candidate: double sqrt(double)
 extern double sqrt _PARAMS((double));
               ^
/usr/include/math.h:135:15: note:   candidate expects 1 argument, 2 provided
In file included from ../src/main.cpp:2:0:
/usr/lib/gcc/x86_64-pc-msys/5.3.0/include/c++/cmath:494:5: note: candidate: template<class _Tp> typename __gnu_cxx::__enable_if<std::__is_integer<_Tp>::__value, double>::__type std::sqrt(_Tp)
     sqrt(_Tp __x)
     ^
/usr/lib/gcc/x86_64-pc-msys/5.3.0/include/c++/cmath:494:5: note:   template argument deduction/substitution failed:
../src/main.cpp:9:44: note:   candidate expects 1 argument, 2 provided
  double root1 = sqrt((pow(b, 2)-(4*a*c)), 2);
                                            ^
In file included from ../src/main.cpp:2:0:
/usr/lib/gcc/x86_64-pc-msys/5.3.0/include/c++/cmath:486:3: note: candidate: long double std::sqrt(long double)
   sqrt(long double __x)
   ^
/usr/lib/gcc/x86_64-pc-msys/5.3.0/include/c++/cmath:486:3: note:   candidate expects 1 argument, 2 provided
/usr/lib/gcc/x86_64-pc-msys/5.3.0/include/c++/cmath:482:3: note: candidate: float std::sqrt(float)
   sqrt(float __x)
   ^
/usr/lib/gcc/x86_64-pc-msys/5.3.0/include/c++/cmath:482:3: note:   candidate expects 1 argument, 2 provided
../src/main.cpp: In function 'int main()':
../src/main.cpp:20:1: error: expected ';' before '}' token
 }
 ^
make: *** [src/subdir.mk:20: src/main.o] Error 1
18:53:41 **** Incremental Build of configuration Debug for project Drill ****
make all 
make: Nothing to be done for 'all'.
18:53:41 **** Incremental Build of configuration Debug for project Exercise02 ****
make all 
make: Nothing to be done for 'all'.
18:53:42 **** Incremental Build of configuration Debug for project Exercise03 ****
make all 
make: Nothing to be done for 'all'.
18:53:43 **** Incremental Build of configuration Debug for project Exercise04 ****
make all 
make: Nothing to be done for 'all'.
18:53:43 **** Incremental Build of configuration Debug for project Exercise05 ****
make all 
make: Nothing to be done for 'all'.
18:53:49 **** Incremental Build of configuration Debug for project Drill ****
make all 
make: Nothing to be done for 'all'.
18:53:50 **** Incremental Build of configuration Debug for project Exercise02 ****
make all 
make: Nothing to be done for 'all'.
18:53:50 **** Incremental Build of configuration Debug for project Exercise03 ****
make all 
make: Nothing to be done for 'all'.
18:53:51 **** Incremental Build of configuration Debug for project Exercise04 ****
make all 
make: Nothing to be done for 'all'.
18:53:51 **** Build of configuration Debug for project Exercise05 ****
make all 
make: Nothing to be done for 'all'.
18:53:52 **** Incremental Build of configuration Debug for project Exercise07 ****
make all 
Building file: ../src/main.cpp
Invoking: Cygwin C++ Compiler
g++ -O0 -g3 -Wall -c -fmessage-length=0 -MMD -MP -MF"src/main.d" -MT"src/main.d" -o "src/main.o" "../src/main.cpp"
Finished building: ../src/main.cpp
 
Building target: Exercise07.exe
Invoking: Cygwin C++ Linker
g++  -o "Exercise07.exe"  ./src/main.o   
Finished building target: Exercise07.exe
 
18:54:03 **** Incremental Build of configuration Debug for project Exercise07 ****
make all 
make: Nothing to be done for 'all'.
19:04:54 **** Incremental Build of configuration Debug for project Drill ****
make all 
make: Nothing to be done for 'all'.
19:04:55 **** Incremental Build of configuration Debug for project Exercise02 ****
make all 
Building file: ../src/main.cpp
Invoking: Cygwin C++ Compiler
g++ -O0 -g3 -Wall -c -fmessage-length=0 -MMD -MP -MF"src/main.d" -MT"src/main.d" -o "src/main.o" "../src/main.cpp"
Finished building: ../src/main.cpp
 
Building target: Exercise02.exe
Invoking: Cygwin C++ Linker
g++  -o "Exercise02.exe"  ./src/main.o   
Finished building target: Exercise02.exe
 
19:04:59 **** Incremental Build of configuration Debug for project Exercise03 ****
make all 
make: Nothing to be done for 'all'.
19:04:59 **** Incremental Build of configuration Debug for project Exercise04 ****
make all 
make: Nothing to be done for 'all'.
19:05:00 **** Incremental Build of configuration Debug for project Exercise05 ****
make all 
make: Nothing to be done for 'all'.
19:05:00 **** Incremental Build of configuration Debug for project Exercise07 ****
make all 
Building file: ../src/main.cpp
Invoking: Cygwin C++ Compiler
g++ -O0 -g3 -Wall -c -fmessage-length=0 -MMD -MP -MF"src/main.d" -MT"src/main.d" -o "src/main.o" "../src/main.cpp"
../src/main.cpp: In function 'double roottest()':
../src/main.cpp:8:1: warning: no return statement in function returning non-void [-Wreturn-type]
 }
 ^
Finished building: ../src/main.cpp
 
Building target: Exercise07.exe
Invoking: Cygwin C++ Linker
g++  -o "Exercise07.exe"  ./src/main.o   
Finished building target: Exercise07.exe
 
19:05:13 **** Incremental Build of configuration Debug for project Exercise07 ****
make all 
make: Nothing to be done for 'all'.
19:06:16 **** Incremental Build of configuration Debug for project Exercise07 ****
make all 
make: Nothing to be done for 'all'.
19:25:27 **** Incremental Build of configuration Debug for project Drill ****
make all 
make: Nothing to be done for 'all'.
19:25:28 **** Incremental Build of configuration Debug for project Exercise02 ****
make all 
make: Nothing to be done for 'all'.
19:25:28 **** Incremental Build of configuration Debug for project Exercise03 ****
make all 
make: Nothing to be done for 'all'.
19:25:29 **** Incremental Build of configuration Debug for project Exercise04 ****
make all 
make: Nothing to be done for 'all'.
19:25:29 **** Incremental Build of configuration Debug for project Exercise05 ****
make all 
make: Nothing to be done for 'all'.
19:25:30 **** Incremental Build of configuration Debug for project Exercise07 ****
make all 
Building file: ../src/main.cpp
Invoking: Cygwin C++ Compiler
g++ -O0 -g3 -Wall -c -fmessage-length=0 -MMD -MP -MF"src/main.d" -MT"src/main.d" -o "src/main.o" "../src/main.cpp"
../src/main.cpp: In function 'int main()':
../src/main.cpp:13:12: error: invalid operands of types 'double' and 'double(const char*)' to binary 'operator=='
  if (x1 == nan || x2 == nan){
            ^
../src/main.cpp:13:25: error: invalid operands of types 'double' and 'double(const char*)' to binary 'operator=='
  if (x1 == nan || x2 == nan){
                         ^
make: *** [src/subdir.mk:20: src/main.o] Error 1
19:27:52 **** Incremental Build of configuration Debug for project Drill ****
make all 
make: Nothing to be done for 'all'.
19:27:53 **** Incremental Build of configuration Debug for project Exercise02 ****
make all 
make: Nothing to be done for 'all'.
19:27:54 **** Incremental Build of configuration Debug for project Exercise03 ****
make all 
make: Nothing to be done for 'all'.
19:27:54 **** Incremental Build of configuration Debug for project Exercise04 ****
make all 
make: Nothing to be done for 'all'.
19:27:55 **** Incremental Build of configuration Debug for project Exercise05 ****
make all 
make: Nothing to be done for 'all'.
19:27:55 **** Incremental Build of configuration Debug for project Exercise07 ****
make all 
Building file: ../src/main.cpp
Invoking: Cygwin C++ Compiler
g++ -O0 -g3 -Wall -c -fmessage-length=0 -MMD -MP -MF"src/main.d" -MT"src/main.d" -o "src/main.o" "../src/main.cpp"
Finished building: ../src/main.cpp
 
Building target: Exercise07.exe
Invoking: Cygwin C++ Linker
g++  -o "Exercise07.exe"  ./src/main.o   
Finished building target: Exercise07.exe
 
19:28:02 **** Incremental Build of configuration Debug for project Exercise07 ****
make all 
make: Nothing to be done for 'all'.
19:29:59 **** Incremental Build of configuration Debug for project Exercise07 ****
make all 
make: Nothing to be done for 'all'.
19:53:09 **** Incremental Build of configuration Debug for project Drill ****
make all 
make: Nothing to be done for 'all'.
19:53:10 **** Incremental Build of configuration Debug for project Exercise02 ****
make all 
make: Nothing to be done for 'all'.
19:53:11 **** Incremental Build of configuration Debug for project Exercise03 ****
make all 
make: Nothing to be done for 'all'.
19:53:11 **** Incremental Build of configuration Debug for project Exercise04 ****
make all 
make: Nothing to be done for 'all'.
19:53:12 **** Incremental Build of configuration Debug for project Exercise05 ****
make all 
make: Nothing to be done for 'all'.
19:53:13 **** Incremental Build of configuration Debug for project Exercise07 ****
make all 
Building file: ../src/main.cpp
Invoking: Cygwin C++ Compiler
g++ -O0 -g3 -Wall -c -fmessage-length=0 -MMD -MP -MF"src/main.d" -MT"src/main.d" -o "src/main.o" "../src/main.cpp"
Finished building: ../src/main.cpp
 
Building target: Exercise07.exe
Invoking: Cygwin C++ Linker
g++  -o "Exercise07.exe"  ./src/main.o   
Finished building target: Exercise07.exe
 
19:53:15 **** Build of configuration Debug for project Exercise08 ****
make all 
Building file: ../src/main.cpp
Invoking: Cygwin C++ Compiler
g++ -O0 -g3 -Wall -c -fmessage-length=0 -MMD -MP -MF"src/main.d" -MT"src/main.d" -o "src/main.o" "../src/main.cpp"
Finished building: ../src/main.cpp
 
Building target: Exercise08.exe
Invoking: Cygwin C++ Linker
g++  -o "Exercise08.exe"  ./src/main.o   
Finished building target: Exercise08.exe
 
19:53:22 **** Incremental Build of configuration Debug for project Exercise08 ****
make all 
make: Nothing to be done for 'all'.
19:54:11 **** Incremental Build of configuration Debug for project Drill ****
make all 
make: Nothing to be done for 'all'.
19:54:12 **** Incremental Build of configuration Debug for project Exercise02 ****
make all 
make: Nothing to be done for 'all'.
19:54:12 **** Incremental Build of configuration Debug for project Exercise03 ****
make all 
make: Nothing to be done for 'all'.
19:54:13 **** Incremental Build of configuration Debug for project Exercise04 ****
make all 
make: Nothing to be done for 'all'.
19:54:13 **** Incremental Build of configuration Debug for project Exercise05 ****
make all 
make: Nothing to be done for 'all'.
19:54:14 **** Incremental Build of configuration Debug for project Exercise07 ****
make all 
make: Nothing to be done for 'all'.
19:54:14 **** Incremental Build of configuration Debug for project Exercise08 ****
make all 
Building file: ../src/main.cpp
Invoking: Cygwin C++ Compiler
g++ -O0 -g3 -Wall -c -fmessage-length=0 -MMD -MP -MF"src/main.d" -MT"src/main.d" -o "src/main.o" "../src/main.cpp"
Finished building: ../src/main.cpp
 
Building target: Exercise08.exe
Invoking: Cygwin C++ Linker
g++  -o "Exercise08.exe"  ./src/main.o   
Finished building target: Exercise08.exe
 
19:54:20 **** Incremental Build of configuration Debug for project Exercise08 ****
make all 
make: Nothing to be done for 'all'.
19:54:35 **** Incremental Build of configuration Debug for project Exercise08 ****
make all 
make: Nothing to be done for 'all'.
19:55:52 **** Incremental Build of configuration Debug for project Drill ****
make all 
make: Nothing to be done for 'all'.
19:55:53 **** Incremental Build of configuration Debug for project Exercise02 ****
make all 
make: Nothing to be done for 'all'.
19:55:53 **** Incremental Build of configuration Debug for project Exercise03 ****
make all 
make: Nothing to be done for 'all'.
19:55:54 **** Incremental Build of configuration Debug for project Exercise04 ****
make all 
make: Nothing to be done for 'all'.
19:55:54 **** Incremental Build of configuration Debug for project Exercise05 ****
make all 
make: Nothing to be done for 'all'.
19:55:55 **** Incremental Build of configuration Debug for project Exercise07 ****
make all 
make: Nothing to be done for 'all'.
19:55:55 **** Incremental Build of configuration Debug for project Exercise08 ****
make all 
Building file: ../src/main.cpp
Invoking: Cygwin C++ Compiler
g++ -O0 -g3 -Wall -c -fmessage-length=0 -MMD -MP -MF"src/main.d" -MT"src/main.d" -o "src/main.o" "../src/main.cpp"
Finished building: ../src/main.cpp
 
Building target: Exercise08.exe
Invoking: Cygwin C++ Linker
g++  -o "Exercise08.exe"  ./src/main.o   
Finished building target: Exercise08.exe
 
19:56:01 **** Incremental Build of configuration Debug for project Exercise08 ****
make all 
make: Nothing to be done for 'all'.
20:04:11 **** Incremental Build of configuration Debug for project Drill ****
make all 
make: Nothing to be done for 'all'.
20:04:12 **** Incremental Build of configuration Debug for project Exercise02 ****
make all 
make: Nothing to be done for 'all'.
20:04:13 **** Incremental Build of configuration Debug for project Exercise03 ****
make all 
make: Nothing to be done for 'all'.
20:04:13 **** Incremental Build of configuration Debug for project Exercise04 ****
make all 
make: Nothing to be done for 'all'.
20:04:14 **** Incremental Build of configuration Debug for project Exercise05 ****
make all 
make: Nothing to be done for 'all'.
20:04:14 **** Incremental Build of configuration Debug for project Exercise07 ****
make all 
make: Nothing to be done for 'all'.
20:04:14 **** Incremental Build of configuration Debug for project Exercise08 ****
make all 
make: Nothing to be done for 'all'.
20:04:15 **** Build of configuration Debug for project Exercise09 ****
make all 
Building file: ../src/main.cpp
Invoking: Cygwin C++ Compiler
g++ -O0 -g3 -Wall -c -fmessage-length=0 -MMD -MP -MF"src/main.d" -MT"src/main.d" -o "src/main.o" "../src/main.cpp"
Finished building: ../src/main.cpp
 
Building target: Exercise09.exe
Invoking: Cygwin C++ Linker
g++  -o "Exercise09.exe"  ./src/main.o   
Finished building target: Exercise09.exe
 
20:04:26 **** Incremental Build of configuration Debug for project Exercise09 ****
make all 
make: Nothing to be done for 'all'.
20:09:13 **** Incremental Build of configuration Debug for project Drill ****
make all 
make: Nothing to be done for 'all'.
20:09:14 **** Incremental Build of configuration Debug for project Exercise02 ****
make all 
make: Nothing to be done for 'all'.
20:09:15 **** Incremental Build of configuration Debug for project Exercise03 ****
make all 
make: Nothing to be done for 'all'.
20:09:15 **** Incremental Build of configuration Debug for project Exercise04 ****
make all 
make: Nothing to be done for 'all'.
20:09:16 **** Incremental Build of configuration Debug for project Exercise05 ****
make all 
make: Nothing to be done for 'all'.
20:09:16 **** Incremental Build of configuration Debug for project Exercise07 ****
make all 
make: Nothing to be done for 'all'.
20:09:17 **** Incremental Build of configuration Debug for project Exercise08 ****
make all 
make: Nothing to be done for 'all'.
20:09:17 **** Incremental Build of configuration Debug for project Exercise09 ****
make all 
Building file: ../src/main.cpp
Invoking: Cygwin C++ Compiler
g++ -O0 -g3 -Wall -c -fmessage-length=0 -MMD -MP -MF"src/main.d" -MT"src/main.d" -o "src/main.o" "../src/main.cpp"
Finished building: ../src/main.cpp
 
Building target: Exercise09.exe
Invoking: Cygwin C++ Linker
g++  -o "Exercise09.exe"  ./src/main.o   
Finished building target: Exercise09.exe
 
20:09:23 **** Incremental Build of configuration Debug for project Exercise09 ****
make all 
make: Nothing to be done for 'all'.
20:16:43 **** Incremental Build of configuration Debug for project Exercise09 ****
make all 
make: Nothing to be done for 'all'.
20:29:53 **** Incremental Build of configuration Debug for project Drill ****
make all 
make: Nothing to be done for 'all'.
20:29:54 **** Incremental Build of configuration Debug for project Exercise02 ****
make all 
make: Nothing to be done for 'all'.
20:29:54 **** Incremental Build of configuration Debug for project Exercise03 ****
make all 
make: Nothing to be done for 'all'.
20:29:55 **** Incremental Build of configuration Debug for project Exercise04 ****
make all 
make: Nothing to be done for 'all'.
20:29:55 **** Incremental Build of configuration Debug for project Exercise05 ****
make all 
make: Nothing to be done for 'all'.
20:29:56 **** Incremental Build of configuration Debug for project Exercise07 ****
make all 
make: Nothing to be done for 'all'.
20:29:56 **** Incremental Build of configuration Debug for project Exercise08 ****
make all 
make: Nothing to be done for 'all'.
20:29:57 **** Incremental Build of configuration Debug for project Exercise09 ****
make all 
Building file: ../src/main.cpp
Invoking: Cygwin C++ Compiler
g++ -O0 -g3 -Wall -c -fmessage-length=0 -MMD -MP -MF"src/main.d" -MT"src/main.d" -o "src/main.o" "../src/main.cpp"
Finished building: ../src/main.cpp
 
Building target: Exercise09.exe
Invoking: Cygwin C++ Linker
g++  -o "Exercise09.exe"  ./src/main.o   
Finished building target: Exercise09.exe
 
20:29:58 **** Build of configuration Debug for project Exercise10 ****
make all 
Building file: ../src/main.cpp
Invoking: Cygwin C++ Compiler
g++ -O0 -g3 -Wall -c -fmessage-length=0 -MMD -MP -MF"src/main.d" -MT"src/main.d" -o "src/main.o" "../src/main.cpp"
../src/main.cpp: In function 'int main()':
../src/main.cpp:40:21: warning: comparison between signed and unsigned integer expressions [-Wsign-compare]
   for (int i = 0; i < (values.size() - 1); i++){
                     ^
../src/main.cpp:44:21: warning: comparison between signed and unsigned integer expressions [-Wsign-compare]
   for (int i = 0; i < differences.size(); i++){
                     ^
Finished building: ../src/main.cpp
 
Building target: Exercise10.exe
Invoking: Cygwin C++ Linker
g++  -o "Exercise10.exe"  ./src/main.o   
Finished building target: Exercise10.exe
 
20:30:06 **** Incremental Build of configuration Debug for project Exercise10 ****
make all 
make: Nothing to be done for 'all'.
20:33:34 **** Incremental Build of configuration Debug for project Exercise09 ****
make all 
make: Nothing to be done for 'all'.
20:34:01 **** Incremental Build of configuration Debug for project Exercise10 ****
make all 
make: Nothing to be done for 'all'.
20:34:16 **** Incremental Build of configuration Debug for project Exercise10 ****
make all 
make: Nothing to be done for 'all'.
20:34:28 **** Incremental Build of configuration Debug for project Exercise10 ****
make all 
make: Nothing to be done for 'all'.
20:35:42 **** Incremental Build of configuration Debug for project Exercise10 ****
make all 
make: Nothing to be done for 'all'.
20:36:05 **** Incremental Build of configuration Debug for project Drill ****
make all 
make: Nothing to be done for 'all'.
20:36:05 **** Incremental Build of configuration Debug for project Exercise02 ****
make all 
make: Nothing to be done for 'all'.
20:36:06 **** Incremental Build of configuration Debug for project Exercise03 ****
make all 
make: Nothing to be done for 'all'.
20:36:06 **** Incremental Build of configuration Debug for project Exercise04 ****
make all 
make: Nothing to be done for 'all'.
20:36:07 **** Incremental Build of configuration Debug for project Exercise05 ****
make all 
make: Nothing to be done for 'all'.
20:36:07 **** Incremental Build of configuration Debug for project Exercise07 ****
make all 
make: Nothing to be done for 'all'.
20:36:08 **** Incremental Build of configuration Debug for project Exercise08 ****
make all 
make: Nothing to be done for 'all'.
20:36:09 **** Incremental Build of configuration Debug for project Exercise09 ****
make all 
make: Nothing to be done for 'all'.
20:36:09 **** Incremental Build of configuration Debug for project Exercise10 ****
make all 
Building file: ../src/main.cpp
Invoking: Cygwin C++ Compiler
g++ -O0 -g3 -Wall -c -fmessage-length=0 -MMD -MP -MF"src/main.d" -MT"src/main.d" -o "src/main.o" "../src/main.cpp"
../src/main.cpp: In function 'int main()':
../src/main.cpp:40:21: warning: comparison between signed and unsigned integer expressions [-Wsign-compare]
   for (int i = 0; i < (values.size() - 1); i++){
                     ^
../src/main.cpp:44:21: warning: comparison between signed and unsigned integer expressions [-Wsign-compare]
   for (int i = 0; i < differences.size(); i++){
                     ^
Finished building: ../src/main.cpp
 
Building target: Exercise10.exe
Invoking: Cygwin C++ Linker
g++  -o "Exercise10.exe"  ./src/main.o   
Finished building target: Exercise10.exe
 
20:36:19 **** Incremental Build of configuration Debug for project Exercise10 ****
make all 
make: Nothing to be done for 'all'.
18:39:43 **** Incremental Build of configuration Debug for project Drill ****
make all 
make: Nothing to be done for 'all'.
18:39:44 **** Incremental Build of configuration Debug for project Exercise02 ****
make all 
make: Nothing to be done for 'all'.
18:39:45 **** Incremental Build of configuration Debug for project Exercise03 ****
make all 
make: Nothing to be done for 'all'.
18:39:46 **** Incremental Build of configuration Debug for project Exercise04 ****
make all 
make: Nothing to be done for 'all'.
18:39:46 **** Incremental Build of configuration Debug for project Exercise05 ****
make all 
make: Nothing to be done for 'all'.
18:39:47 **** Incremental Build of configuration Debug for project Exercise07 ****
make all 
make: Nothing to be done for 'all'.
18:39:47 **** Incremental Build of configuration Debug for project Exercise08 ****
make all 
make: Nothing to be done for 'all'.
18:39:48 **** Incremental Build of configuration Debug for project Exercise09 ****
make all 
make: Nothing to be done for 'all'.
18:39:48 **** Incremental Build of configuration Debug for project Exercise10 ****
make all 
Building file: ../src/main.cpp
Invoking: Cygwin C++ Compiler
g++ -O0 -g3 -Wall -c -fmessage-length=0 -MMD -MP -MF"src/main.d" -MT"src/main.d" -o "src/main.o" "../src/main.cpp"
../src/main.cpp: In function 'int main()':
../src/main.cpp:40:21: warning: comparison between signed and unsigned integer expressions [-Wsign-compare]
   for (int i = 0; i < (values.size() - 1); i++){
                     ^
../src/main.cpp:44:21: warning: comparison between signed and unsigned integer expressions [-Wsign-compare]
   for (int i = 0; i < differences.size(); i++){
                     ^
Finished building: ../src/main.cpp
 
Building target: Exercise10.exe
Invoking: Cygwin C++ Linker
g++  -o "Exercise10.exe"  ./src/main.o   
Finished building target: Exercise10.exe
 
18:39:53 **** Build of configuration Debug for project Exersise12 ****
make all 
Building file: ../src/main.cpp
Invoking: Cygwin C++ Compiler
g++ -O0 -g3 -Wall -c -fmessage-length=0 -MMD -MP -MF"src/main.d" -MT"src/main.d" -o "src/main.o" "../src/main.cpp"
../src/main.cpp: In function 'int main()':
../src/main.cpp:8:31: error: no matching function for call to 'std::vector<int>::vector(int, int, int, int)'
  vector<int> answer(6, 2, 1, 3);
                               ^
In file included from /usr/lib/gcc/x86_64-pc-msys/5.3.0/include/c++/vector:64:0,
                 from ../src/main.cpp:2:
/usr/lib/gcc/x86_64-pc-msys/5.3.0/include/c++/bits/stl_vector.h:407:9: note: candidate: template<class _InputIterator> std::vector<_Tp, _Alloc>::vector(_InputIterator, _InputIterator, const allocator_type&)
         vector(_InputIterator __first, _InputIterator __last,
         ^
/usr/lib/gcc/x86_64-pc-msys/5.3.0/include/c++/bits/stl_vector.h:407:9: note:   template argument deduction/substitution failed:
../src/main.cpp:8:31: note:   cannot convert '1' (type 'int') to type 'const allocator_type& {aka const std::allocator<int>&}'
  vector<int> answer(6, 2, 1, 3);
                               ^
In file included from /usr/lib/gcc/x86_64-pc-msys/5.3.0/include/c++/vector:64:0,
                 from ../src/main.cpp:2:
/usr/lib/gcc/x86_64-pc-msys/5.3.0/include/c++/bits/stl_vector.h:318:7: note: candidate: std::vector<_Tp, _Alloc>::vector(const std::vector<_Tp, _Alloc>&) [with _Tp = int; _Alloc = std::allocator<int>]
       vector(const vector& __x)
       ^
/usr/lib/gcc/x86_64-pc-msys/5.3.0/include/c++/bits/stl_vector.h:318:7: note:   candidate expects 1 argument, 4 provided
/usr/lib/gcc/x86_64-pc-msys/5.3.0/include/c++/bits/stl_vector.h:303:7: note: candidate: std::vector<_Tp, _Alloc>::vector(std::vector<_Tp, _Alloc>::size_type, const value_type&, const allocator_type&) [with _Tp = int; _Alloc = std::allocator<int>; std::vector<_Tp, _Alloc>::size_type = long unsigned int; std::vector<_Tp, _Alloc>::value_type = int; std::vector<_Tp, _Alloc>::allocator_type = std::allocator<int>]
       vector(size_type __n, const value_type& __value = value_type(),
       ^
/usr/lib/gcc/x86_64-pc-msys/5.3.0/include/c++/bits/stl_vector.h:303:7: note:   candidate expects 3 arguments, 4 provided
/usr/lib/gcc/x86_64-pc-msys/5.3.0/include/c++/bits/stl_vector.h:264:7: note: candidate: std::vector<_Tp, _Alloc>::vector(const allocator_type&) [with _Tp = int; _Alloc = std::allocator<int>; std::vector<_Tp, _Alloc>::allocator_type = std::allocator<int>]
       vector(const allocator_type& __a) _GLIBCXX_NOEXCEPT
       ^
/usr/lib/gcc/x86_64-pc-msys/5.3.0/include/c++/bits/stl_vector.h:264:7: note:   candidate expects 1 argument, 4 provided
/usr/lib/gcc/x86_64-pc-msys/5.3.0/include/c++/bits/stl_vector.h:253:7: note: candidate: std::vector<_Tp, _Alloc>::vector() [with _Tp = int; _Alloc = std::allocator<int>]
       vector()
       ^
/usr/lib/gcc/x86_64-pc-msys/5.3.0/include/c++/bits/stl_vector.h:253:7: note:   candidate expects 0 arguments, 4 provided
make: *** [src/subdir.mk:20: src/main.o] Error 1
18:43:56 **** Incremental Build of configuration Debug for project Drill ****
make all 
make: Nothing to be done for 'all'.
18:43:56 **** Incremental Build of configuration Debug for project Exercise02 ****
make all 
make: Nothing to be done for 'all'.
18:43:57 **** Incremental Build of configuration Debug for project Exercise03 ****
make all 
make: Nothing to be done for 'all'.
18:43:58 **** Incremental Build of configuration Debug for project Exercise04 ****
make all 
make: Nothing to be done for 'all'.
18:43:58 **** Incremental Build of configuration Debug for project Exercise05 ****
make all 
make: Nothing to be done for 'all'.
18:43:59 **** Incremental Build of configuration Debug for project Exercise07 ****
make all 
make: Nothing to be done for 'all'.
18:43:59 **** Incremental Build of configuration Debug for project Exercise08 ****
make all 
make: Nothing to be done for 'all'.
18:44:00 **** Incremental Build of configuration Debug for project Exercise09 ****
make all 
make: Nothing to be done for 'all'.
18:44:00 **** Incremental Build of configuration Debug for project Exercise10 ****
make all 
make: Nothing to be done for 'all'.
18:44:01 **** Incremental Build of configuration Debug for project Exersise12 ****
make all 
Building file: ../src/main.cpp
Invoking: Cygwin C++ Compiler
g++ -O0 -g3 -Wall -c -fmessage-length=0 -MMD -MP -MF"src/main.d" -MT"src/main.d" -o "src/main.o" "../src/main.cpp"
../src/main.cpp: In function 'int main()':
../src/main.cpp:8:33: error: conversion from 'int' to non-scalar type 'std::vector<int>' requested
  vector<int> answer[] = {2,4,1,6};
                                 ^
../src/main.cpp:8:33: error: conversion from 'int' to non-scalar type 'std::vector<int>' requested
../src/main.cpp:8:33: error: conversion from 'int' to non-scalar type 'std::vector<int>' requested
../src/main.cpp:8:33: error: conversion from 'int' to non-scalar type 'std::vector<int>' requested
../src/main.cpp:10:7: error: no match for 'operator<<' (operand types are 'std::ostream {aka std::basic_ostream<char>}' and 'std::vector<int>')
  cout << answer[3];
       ^
In file included from /usr/lib/gcc/x86_64-pc-msys/5.3.0/include/c++/iostream:39:0,
                 from ../src/main.cpp:1:
/usr/lib/gcc/x86_64-pc-msys/5.3.0/include/c++/ostream:108:7: note: candidate: std::basic_ostream<_CharT, _Traits>::__ostream_type& std::basic_ostream<_CharT, _Traits>::operator<<(std::basic_ostream<_CharT, _Traits>::__ostream_type& (*)(std::basic_ostream<_CharT, _Traits>::__ostream_type&)) [with _CharT = char; _Traits = std::char_traits<char>; std::basic_ostream<_CharT, _Traits>::__ostream_type = std::basic_ostream<char>]
       operator<<(__ostream_type& (*__pf)(__ostream_type&))
       ^
/usr/lib/gcc/x86_64-pc-msys/5.3.0/include/c++/ostream:108:7: note:   no known conversion for argument 1 from 'std::vector<int>' to 'std::basic_ostream<char>::__ostream_type& (*)(std::basic_ostream<char>::__ostream_type&) {aka std::basic_ostream<char>& (*)(std::basic_ostream<char>&)}'
/usr/lib/gcc/x86_64-pc-msys/5.3.0/include/c++/ostream:117:7: note: candidate: std::basic_ostream<_CharT, _Traits>::__ostream_type& std::basic_ostream<_CharT, _Traits>::operator<<(std::basic_ostream<_CharT, _Traits>::__ios_type& (*)(std::basic_ostream<_CharT, _Traits>::__ios_type&)) [with _CharT = char; _Traits = std::char_traits<char>; std::basic_ostream<_CharT, _Traits>::__ostream_type = std::basic_ostream<char>; std::basic_ostream<_CharT, _Traits>::__ios_type = std::basic_ios<char>]
       operator<<(__ios_type& (*__pf)(__ios_type&))
       ^
/usr/lib/gcc/x86_64-pc-msys/5.3.0/include/c++/ostream:117:7: note:   no known conversion for argument 1 from 'std::vector<int>' to 'std::basic_ostream<char>::__ios_type& (*)(std::basic_ostream<char>::__ios_type&) {aka std::basic_ios<char>& (*)(std::basic_ios<char>&)}'
/usr/lib/gcc/x86_64-pc-msys/5.3.0/include/c++/ostream:127:7: note: candidate: std::basic_ostream<_CharT, _Traits>::__ostream_type& std::basic_ostream<_CharT, _Traits>::operator<<(std::ios_base& (*)(std::ios_base&)) [with _CharT = char; _Traits = std::char_traits<char>; std::basic_ostream<_CharT, _Traits>::__ostream_type = std::basic_ostream<char>]
       operator<<(ios_base& (*__pf) (ios_base&))
       ^
/usr/lib/gcc/x86_64-pc-msys/5.3.0/include/c++/ostream:127:7: note:   no known conversion for argument 1 from 'std::vector<int>' to 'std::ios_base& (*)(std::ios_base&)'
/usr/lib/gcc/x86_64-pc-msys/5.3.0/include/c++/ostream:166:7: note: candidate: std::basic_ostream<_CharT, _Traits>::__ostream_type& std::basic_ostream<_CharT, _Traits>::operator<<(long int) [with _CharT = char; _Traits = std::char_traits<char>; std::basic_ostream<_CharT, _Traits>::__ostream_type = std::basic_ostream<char>]
       operator<<(long __n)
       ^
/usr/lib/gcc/x86_64-pc-msys/5.3.0/include/c++/ostream:166:7: note:   no known conversion for argument 1 from 'std::vector<int>' to 'long int'
/usr/lib/gcc/x86_64-pc-msys/5.3.0/include/c++/ostream:170:7: note: candidate: std::basic_ostream<_CharT, _Traits>::__ostream_type& std::basic_ostream<_CharT, _Traits>::operator<<(long unsigned int) [with _CharT = char; _Traits = std::char_traits<char>; std::basic_ostream<_CharT, _Traits>::__ostream_type = std::basic_ostream<char>]
       operator<<(unsigned long __n)
       ^
/usr/lib/gcc/x86_64-pc-msys/5.3.0/include/c++/ostream:170:7: note:   no known conversion for argument 1 from 'std::vector<int>' to 'long unsigned int'
/usr/lib/gcc/x86_64-pc-msys/5.3.0/include/c++/ostream:174:7: note: candidate: std::basic_ostream<_CharT, _Traits>::__ostream_type& std::basic_ostream<_CharT, _Traits>::operator<<(bool) [with _CharT = char; _Traits = std::char_traits<char>; std::basic_ostream<_CharT, _Traits>::__ostream_type = std::basic_ostream<char>]
       operator<<(bool __n)
       ^
/usr/lib/gcc/x86_64-pc-msys/5.3.0/include/c++/ostream:174:7: note:   no known conversion for argument 1 from 'std::vector<int>' to 'bool'
In file included from /usr/lib/gcc/x86_64-pc-msys/5.3.0/include/c++/ostream:638:0,
                 from /usr/lib/gcc/x86_64-pc-msys/5.3.0/include/c++/iostream:39,
                 from ../src/main.cpp:1:
/usr/lib/gcc/x86_64-pc-msys/5.3.0/include/c++/bits/ostream.tcc:91:5: note: candidate: std::basic_ostream<_CharT, _Traits>& std::basic_ostream<_CharT, _Traits>::operator<<(short int) [with _CharT = char; _Traits = std::char_traits<char>]
     basic_ostream<_CharT, _Traits>::
     ^
/usr/lib/gcc/x86_64-pc-msys/5.3.0/include/c++/bits/ostream.tcc:91:5: note:   no known conversion for argument 1 from 'std::vector<int>' to 'short int'
In file included from /usr/lib/gcc/x86_64-pc-msys/5.3.0/include/c++/iostream:39:0,
                 from ../src/main.cpp:1:
/usr/lib/gcc/x86_64-pc-msys/5.3.0/include/c++/ostream:181:7: note: candidate: std::basic_ostream<_CharT, _Traits>::__ostream_type& std::basic_ostream<_CharT, _Traits>::operator<<(short unsigned int) [with _CharT = char; _Traits = std::char_traits<char>; std::basic_ostream<_CharT, _Traits>::__ostream_type = std::basic_ostream<char>]
       operator<<(unsigned short __n)
       ^
/usr/lib/gcc/x86_64-pc-msys/5.3.0/include/c++/ostream:181:7: note:   no known conversion for argument 1 from 'std::vector<int>' to 'short unsigned int'
In file included from /usr/lib/gcc/x86_64-pc-msys/5.3.0/include/c++/ostream:638:0,
                 from /usr/lib/gcc/x86_64-pc-msys/5.3.0/include/c++/iostream:39,
                 from ../src/main.cpp:1:
/usr/lib/gcc/x86_64-pc-msys/5.3.0/include/c++/bits/ostream.tcc:105:5: note: candidate: std::basic_ostream<_CharT, _Traits>& std::basic_ostream<_CharT, _Traits>::operator<<(int) [with _CharT = char; _Traits = std::char_traits<char>]
     basic_ostream<_CharT, _Traits>::
     ^
/usr/lib/gcc/x86_64-pc-msys/5.3.0/include/c++/bits/ostream.tcc:105:5: note:   no known conversion for argument 1 from 'std::vector<int>' to 'int'
In file included from /usr/lib/gcc/x86_64-pc-msys/5.3.0/include/c++/iostream:39:0,
                 from ../src/main.cpp:1:
/usr/lib/gcc/x86_64-pc-msys/5.3.0/include/c++/ostream:192:7: note: candidate: std::basic_ostream<_CharT, _Traits>::__ostream_type& std::basic_ostream<_CharT, _Traits>::operator<<(unsigned int) [with _CharT = char; _Traits = std::char_traits<char>; std::basic_ostream<_CharT, _Traits>::__ostream_type = std::basic_ostream<char>]
       operator<<(unsigned int __n)
       ^
/usr/lib/gcc/x86_64-pc-msys/5.3.0/include/c++/ostream:192:7: note:   no known conversion for argument 1 from 'std::vector<int>' to 'unsigned int'
/usr/lib/gcc/x86_64-pc-msys/5.3.0/include/c++/ostream:201:7: note: candidate: std::basic_ostream<_CharT, _Traits>::__ostream_type& std::basic_ostream<_CharT, _Traits>::operator<<(long long int) [with _CharT = char; _Traits = std::char_traits<char>; std::basic_ostream<_CharT, _Traits>::__ostream_type = std::basic_ostream<char>]
       operator<<(long long __n)
       ^
/usr/lib/gcc/x86_64-pc-msys/5.3.0/include/c++/ostream:201:7: note:   no known conversion for argument 1 from 'std::vector<int>' to 'long long int'
/usr/lib/gcc/x86_64-pc-msys/5.3.0/include/c++/ostream:205:7: note: candidate: std::basic_ostream<_CharT, _Traits>::__ostream_type& std::basic_ostream<_CharT, _Traits>::operator<<(long long unsigned int) [with _CharT = char; _Traits = std::char_traits<char>; std::basic_ostream<_CharT, _Traits>::__ostream_type = std::basic_ostream<char>]
       operator<<(unsigned long long __n)
       ^
/usr/lib/gcc/x86_64-pc-msys/5.3.0/include/c++/ostream:205:7: note:   no known conversion for argument 1 from 'std::vector<int>' to 'long long unsigned int'
/usr/lib/gcc/x86_64-pc-msys/5.3.0/include/c++/ostream:220:7: note: candidate: std::basic_ostream<_CharT, _Traits>::__ostream_type& std::basic_ostream<_CharT, _Traits>::operator<<(double) [with _CharT = char; _Traits = std::char_traits<char>; std::basic_ostream<_CharT, _Traits>::__ostream_type = std::basic_ostream<char>]
       operator<<(double __f)
       ^
/usr/lib/gcc/x86_64-pc-msys/5.3.0/include/c++/ostream:220:7: note:   no known conversion for argument 1 from 'std::vector<int>' to 'double'
/usr/lib/gcc/x86_64-pc-msys/5.3.0/include/c++/ostream:224:7: note: candidate: std::basic_ostream<_CharT, _Traits>::__ostream_type& std::basic_ostream<_CharT, _Traits>::operator<<(float) [with _CharT = char; _Traits = std::char_traits<char>; std::basic_ostream<_CharT, _Traits>::__ostream_type = std::basic_ostream<char>]
       operator<<(float __f)
       ^
/usr/lib/gcc/x86_64-pc-msys/5.3.0/include/c++/ostream:224:7: note:   no known conversion for argument 1 from 'std::vector<int>' to 'float'
/usr/lib/gcc/x86_64-pc-msys/5.3.0/include/c++/ostream:232:7: note: candidate: std::basic_ostream<_CharT, _Traits>::__ostream_type& std::basic_ostream<_CharT, _Traits>::operator<<(long double) [with _CharT = char; _Traits = std::char_traits<char>; std::basic_ostream<_CharT, _Traits>::__ostream_type = std::basic_ostream<char>]
       operator<<(long double __f)
       ^
/usr/lib/gcc/x86_64-pc-msys/5.3.0/include/c++/ostream:232:7: note:   no known conversion for argument 1 from 'std::vector<int>' to 'long double'
/usr/lib/gcc/x86_64-pc-msys/5.3.0/include/c++/ostream:245:7: note: candidate: std::basic_ostream<_CharT, _Traits>::__ostream_type& std::basic_ostream<_CharT, _Traits>::operator<<(const void*) [with _CharT = char; _Traits = std::char_traits<char>; std::basic_ostream<_CharT, _Traits>::__ostream_type = std::basic_ostream<char>]
       operator<<(const void* __p)
       ^
/usr/lib/gcc/x86_64-pc-msys/5.3.0/include/c++/ostream:245:7: note:   no known conversion for argument 1 from 'std::vector<int>' to 'const void*'
In file included from /usr/lib/gcc/x86_64-pc-msys/5.3.0/include/c++/ostream:638:0,
                 from /usr/lib/gcc/x86_64-pc-msys/5.3.0/include/c++/iostream:39,
                 from ../src/main.cpp:1:
/usr/lib/gcc/x86_64-pc-msys/5.3.0/include/c++/bits/ostream.tcc:119:5: note: candidate: std::basic_ostream<_CharT, _Traits>& std::basic_ostream<_CharT, _Traits>::operator<<(std::basic_ostream<_CharT, _Traits>::__streambuf_type*) [with _CharT = char; _Traits = std::char_traits<char>; std::basic_ostream<_CharT, _Traits>::__streambuf_type = std::basic_streambuf<char>]
     basic_ostream<_CharT, _Traits>::
     ^
/usr/lib/gcc/x86_64-pc-msys/5.3.0/include/c++/bits/ostream.tcc:119:5: note:   no known conversion for argument 1 from 'std::vector<int>' to 'std::basic_ostream<char>::__streambuf_type* {aka std::basic_streambuf<char>*}'
In file included from /usr/lib/gcc/x86_64-pc-msys/5.3.0/include/c++/string:52:0,
                 from /usr/lib/gcc/x86_64-pc-msys/5.3.0/include/c++/bits/locale_classes.h:40,
                 from /usr/lib/gcc/x86_64-pc-msys/5.3.0/include/c++/bits/ios_base.h:41,
                 from /usr/lib/gcc/x86_64-pc-msys/5.3.0/include/c++/ios:42,
                 from /usr/lib/gcc/x86_64-pc-msys/5.3.0/include/c++/ostream:38,
                 from /usr/lib/gcc/x86_64-pc-msys/5.3.0/include/c++/iostream:39,
                 from ../src/main.cpp:1:
/usr/lib/gcc/x86_64-pc-msys/5.3.0/include/c++/bits/basic_string.h:5174:5: note: candidate: template<class _CharT, class _Traits, class _Alloc> std::basic_ostream<_CharT, _Traits>& std::operator<<(std::basic_ostream<_CharT, _Traits>&, const std::basic_string<_CharT, _Traits, _Alloc>&)
     operator<<(basic_ostream<_CharT, _Traits>& __os,
     ^
/usr/lib/gcc/x86_64-pc-msys/5.3.0/include/c++/bits/basic_string.h:5174:5: note:   template argument deduction/substitution failed:
../src/main.cpp:10:18: note:   'std::vector<int>' is not derived from 'const std::basic_string<_CharT, _Traits, _Alloc>'
  cout << answer[3];
                  ^
In file included from /usr/lib/gcc/x86_64-pc-msys/5.3.0/include/c++/iostream:39:0,
                 from ../src/main.cpp:1:
/usr/lib/gcc/x86_64-pc-msys/5.3.0/include/c++/ostream:497:5: note: candidate: template<class _CharT, class _Traits> std::basic_ostream<_CharT, _Traits>& std::operator<<(std::basic_ostream<_CharT, _Traits>&, _CharT)
     operator<<(basic_ostream<_CharT, _Traits>& __out, _CharT __c)
     ^
/usr/lib/gcc/x86_64-pc-msys/5.3.0/include/c++/ostream:497:5: note:   template argument deduction/substitution failed:
../src/main.cpp:10:18: note:   deduced conflicting types for parameter '_CharT' ('char' and 'std::vector<int>')
  cout << answer[3];
                  ^
In file included from /usr/lib/gcc/x86_64-pc-msys/5.3.0/include/c++/iostream:39:0,
                 from ../src/main.cpp:1:
/usr/lib/gcc/x86_64-pc-msys/5.3.0/include/c++/ostream:502:5: note: candidate: template<class _CharT, class _Traits> std::basic_ostream<_CharT, _Traits>& std::operator<<(std::basic_ostream<_CharT, _Traits>&, char)
     operator<<(basic_ostream<_CharT, _Traits>& __out, char __c)
     ^
/usr/lib/gcc/x86_64-pc-msys/5.3.0/include/c++/ostream:502:5: note:   template argument deduction/substitution failed:
../src/main.cpp:10:18: note:   cannot convert 'answer[3]' (type 'std::vector<int>') to type 'char'
  cout << answer[3];
                  ^
In file included from /usr/lib/gcc/x86_64-pc-msys/5.3.0/include/c++/iostream:39:0,
                 from ../src/main.cpp:1:
/usr/lib/gcc/x86_64-pc-msys/5.3.0/include/c++/ostream:508:5: note: candidate: template<class _Traits> std::basic_ostream<char, _Traits>& std::operator<<(std::basic_ostream<char, _Traits>&, char)
     operator<<(basic_ostream<char, _Traits>& __out, char __c)
     ^
/usr/lib/gcc/x86_64-pc-msys/5.3.0/include/c++/ostream:508:5: note:   template argument deduction/substitution failed:
../src/main.cpp:10:18: note:   cannot convert 'answer[3]' (type 'std::vector<int>') to type 'char'
  cout << answer[3];
                  ^
In file included from /usr/lib/gcc/x86_64-pc-msys/5.3.0/include/c++/iostream:39:0,
                 from ../src/main.cpp:1:
/usr/lib/gcc/x86_64-pc-msys/5.3.0/include/c++/ostream:514:5: note: candidate: template<class _Traits> std::basic_ostream<char, _Traits>& std::operator<<(std::basic_ostream<char, _Traits>&, signed char)
     operator<<(basic_ostream<char, _Traits>& __out, signed char __c)
     ^
/usr/lib/gcc/x86_64-pc-msys/5.3.0/include/c++/ostream:514:5: note:   template argument deduction/substitution failed:
../src/main.cpp:10:18: note:   cannot convert 'answer[3]' (type 'std::vector<int>') to type 'signed char'
  cout << answer[3];
                  ^
In file included from /usr/lib/gcc/x86_64-pc-msys/5.3.0/include/c++/iostream:39:0,
                 from ../src/main.cpp:1:
/usr/lib/gcc/x86_64-pc-msys/5.3.0/include/c++/ostream:519:5: note: candidate: template<class _Traits> std::basic_ostream<char, _Traits>& std::operator<<(std::basic_ostream<char, _Traits>&, unsigned char)
     operator<<(basic_ostream<char, _Traits>& __out, unsigned char __c)
     ^
/usr/lib/gcc/x86_64-pc-msys/5.3.0/include/c++/ostream:519:5: note:   template argument deduction/substitution failed:
../src/main.cpp:10:18: note:   cannot convert 'answer[3]' (type 'std::vector<int>') to type 'unsigned char'
  cout << answer[3];
                  ^
In file included from /usr/lib/gcc/x86_64-pc-msys/5.3.0/include/c++/iostream:39:0,
                 from ../src/main.cpp:1:
/usr/lib/gcc/x86_64-pc-msys/5.3.0/include/c++/ostream:539:5: note: candidate: template<class _CharT, class _Traits> std::basic_ostream<_CharT, _Traits>& std::operator<<(std::basic_ostream<_CharT, _Traits>&, const _CharT*)
     operator<<(basic_ostream<_CharT, _Traits>& __out, const _CharT* __s)
     ^
/usr/lib/gcc/x86_64-pc-msys/5.3.0/include/c++/ostream:539:5: note:   template argument deduction/substitution failed:
../src/main.cpp:10:18: note:   mismatched types 'const _CharT*' and 'std::vector<int>'
  cout << answer[3];
                  ^
In file included from /usr/lib/gcc/x86_64-pc-msys/5.3.0/include/c++/ostream:638:0,
                 from /usr/lib/gcc/x86_64-pc-msys/5.3.0/include/c++/iostream:39,
                 from ../src/main.cpp:1:
/usr/lib/gcc/x86_64-pc-msys/5.3.0/include/c++/bits/ostream.tcc:321:5: note: candidate: template<class _CharT, class _Traits> std::basic_ostream<_CharT, _Traits>& std::operator<<(std::basic_ostream<_CharT, _Traits>&, const char*)
     operator<<(basic_ostream<_CharT, _Traits>& __out, const char* __s)
     ^
/usr/lib/gcc/x86_64-pc-msys/5.3.0/include/c++/bits/ostream.tcc:321:5: note:   template argument deduction/substitution failed:
../src/main.cpp:10:18: note:   cannot convert 'answer[3]' (type 'std::vector<int>') to type 'const char*'
  cout << answer[3];
                  ^
In file included from /usr/lib/gcc/x86_64-pc-msys/5.3.0/include/c++/iostream:39:0,
                 from ../src/main.cpp:1:
/usr/lib/gcc/x86_64-pc-msys/5.3.0/include/c++/ostream:556:5: note: candidate: template<class _Traits> std::basic_ostream<char, _Traits>& std::operator<<(std::basic_ostream<char, _Traits>&, const char*)
     operator<<(basic_ostream<char, _Traits>& __out, const char* __s)
     ^
/usr/lib/gcc/x86_64-pc-msys/5.3.0/include/c++/ostream:556:5: note:   template argument deduction/substitution failed:
../src/main.cpp:10:18: note:   cannot convert 'answer[3]' (type 'std::vector<int>') to type 'const char*'
  cout << answer[3];
                  ^
In file included from /usr/lib/gcc/x86_64-pc-msys/5.3.0/include/c++/iostream:39:0,
                 from ../src/main.cpp:1:
/usr/lib/gcc/x86_64-pc-msys/5.3.0/include/c++/ostream:569:5: note: candidate: template<class _Traits> std::basic_ostream<char, _Traits>& std::operator<<(std::basic_ostream<char, _Traits>&, const signed char*)
     operator<<(basic_ostream<char, _Traits>& __out, const signed char* __s)
     ^
/usr/lib/gcc/x86_64-pc-msys/5.3.0/include/c++/ostream:569:5: note:   template argument deduction/substitution failed:
../src/main.cpp:10:18: note:   cannot convert 'answer[3]' (type 'std::vector<int>') to type 'const signed char*'
  cout << answer[3];
                  ^
In file included from /usr/lib/gcc/x86_64-pc-msys/5.3.0/include/c++/iostream:39:0,
                 from ../src/main.cpp:1:
/usr/lib/gcc/x86_64-pc-msys/5.3.0/include/c++/ostream:574:5: note: candidate: template<class _Traits> std::basic_ostream<char, _Traits>& std::operator<<(std::basic_ostream<char, _Traits>&, const unsigned char*)
     operator<<(basic_ostream<char, _Traits>& __out, const unsigned char* __s)
     ^
/usr/lib/gcc/x86_64-pc-msys/5.3.0/include/c++/ostream:574:5: note:   template argument deduction/substitution failed:
../src/main.cpp:10:18: note:   cannot convert 'answer[3]' (type 'std::vector<int>') to type 'const unsigned char*'
  cout << answer[3];
                  ^
make: *** [src/subdir.mk:20: src/main.o] Error 1
18:47:33 **** Incremental Build of configuration Debug for project Drill ****
make all 
make: Nothing to be done for 'all'.
18:47:34 **** Incremental Build of configuration Debug for project Exercise02 ****
make all 
make: Nothing to be done for 'all'.
18:47:34 **** Incremental Build of configuration Debug for project Exercise03 ****
make all 
make: Nothing to be done for 'all'.
18:47:35 **** Incremental Build of configuration Debug for project Exercise04 ****
make all 
make: Nothing to be done for 'all'.
18:47:35 **** Incremental Build of configuration Debug for project Exercise05 ****
make all 
make: Nothing to be done for 'all'.
18:47:36 **** Incremental Build of configuration Debug for project Exercise07 ****
make all 
make: Nothing to be done for 'all'.
18:47:36 **** Incremental Build of configuration Debug for project Exercise08 ****
make all 
make: Nothing to be done for 'all'.
18:47:37 **** Incremental Build of configuration Debug for project Exercise09 ****
make all 
make: Nothing to be done for 'all'.
18:47:37 **** Incremental Build of configuration Debug for project Exercise10 ****
make all 
make: Nothing to be done for 'all'.
18:47:38 **** Incremental Build of configuration Debug for project Exersise12 ****
make all 
Building file: ../src/main.cpp
Invoking: Cygwin C++ Compiler
g++ -O0 -g3 -Wall -c -fmessage-length=0 -MMD -MP -MF"src/main.d" -MT"src/main.d" -o "src/main.o" "../src/main.cpp"
../src/main.cpp: In function 'int main()':
../src/main.cpp:8:31: error: in C++98 'answer' must be initialized by constructor, not by '{...}'
  vector<int> answer = {3,6,8,3};
                               ^
../src/main.cpp:8:31: error: could not convert '{3, 6, 8, 3}' from '<brace-enclosed initializer list>' to 'std::vector<int>'
make: *** [src/subdir.mk:20: src/main.o] Error 1
12:10:24 **** Incremental Build of configuration Debug for project Exercise07 ****
make all 
make: Nothing to be done for 'all'.
12:10:30 **** Incremental Build of configuration Debug for project Exercise07 ****
make all 
make: Nothing to be done for 'all'.
12:10:42 **** Incremental Build of configuration Debug for project Exercise07 ****
make all 
Building file: ../src/main.cpp
Invoking: Cygwin C++ Compiler
g++ -O0 -g3 -Wall -c -fmessage-length=0 -MMD -MP -MF"src/main.d" -MT"src/main.d" -o "src/main.o" "../src/main.cpp"
Finished building: ../src/main.cpp
 
Building target: Exercise07.exe
Invoking: Cygwin C++ Linker
g++  -o "Exercise07.exe"  ./src/main.o   
Finished building target: Exercise07.exe
 
12:11:41 **** Incremental Build of configuration Debug for project Exercise07 ****
make all 
make: Nothing to be done for 'all'.
12:14:23 **** Incremental Build of configuration Debug for project Exercise08 ****
make all 
make: Nothing to be done for 'all'.
12:24:35 **** Incremental Build of configuration Debug for project Drill ****
make all 
make: Nothing to be done for 'all'.
12:24:36 **** Incremental Build of configuration Debug for project Exercise02 ****
make all 
make: Nothing to be done for 'all'.
12:24:36 **** Incremental Build of configuration Debug for project Exercise03 ****
make all 
make: Nothing to be done for 'all'.
12:24:37 **** Incremental Build of configuration Debug for project Exercise04 ****
make all 
make: Nothing to be done for 'all'.
12:24:38 **** Incremental Build of configuration Debug for project Exercise05 ****
make all 
make: Nothing to be done for 'all'.
12:24:39 **** Incremental Build of configuration Debug for project Exercise07 ****
make all 
make: Nothing to be done for 'all'.
12:24:39 **** Incremental Build of configuration Debug for project Exercise08 ****
make all 
Building file: ../src/main.cpp
Invoking: Cygwin C++ Compiler
g++ -O0 -g3 -Wall -c -fmessage-length=0 -MMD -MP -MF"src/main.d" -MT"src/main.d" -o "src/main.o" "../src/main.cpp"
../src/main.cpp: In function 'int main()':
../src/main.cpp:18:17: warning: logical not is only applied to the left hand side of comparison [-Wlogical-not-parentheses]
   while (!range > added){
                 ^
Finished building: ../src/main.cpp
 
Building target: Exercise08.exe
Invoking: Cygwin C++ Linker
g++  -o "Exercise08.exe"  ./src/main.o   
Finished building target: Exercise08.exe
 
12:24:44 **** Incremental Build of configuration Debug for project Exercise09 ****
make all 
make: Nothing to be done for 'all'.
12:24:45 **** Incremental Build of configuration Debug for project Exercise10 ****
make all 
make: Nothing to be done for 'all'.
12:24:45 **** Incremental Build of configuration Debug for project Exersise12 ****
make all 
Building file: ../src/main.cpp
Invoking: Cygwin C++ Compiler
g++ -O0 -g3 -Wall -c -fmessage-length=0 -MMD -MP -MF"src/main.d" -MT"src/main.d" -o "src/main.o" "../src/main.cpp"
../src/main.cpp: In function 'int main()':
../src/main.cpp:8:31: error: in C++98 'answer' must be initialized by constructor, not by '{...}'
  vector<int> answer = {3,6,8,3};
                               ^
../src/main.cpp:8:31: error: could not convert '{3, 6, 8, 3}' from '<brace-enclosed initializer list>' to 'std::vector<int>'
make: *** [src/subdir.mk:20: src/main.o] Error 1
12:25:16 **** Incremental Build of configuration Debug for project Exercise08 ****
make all 
Building file: ../src/main.cpp
Invoking: Cygwin C++ Compiler
g++ -O0 -g3 -Wall -c -fmessage-length=0 -MMD -MP -MF"src/main.d" -MT"src/main.d" -o "src/main.o" "../src/main.cpp"
Finished building: ../src/main.cpp
 
Building target: Exercise08.exe
Invoking: Cygwin C++ Linker
g++  -o "Exercise08.exe"  ./src/main.o   
Finished building target: Exercise08.exe
 
12:25:28 **** Incremental Build of configuration Debug for project Exercise08 ****
make all 
make: Nothing to be done for 'all'.
12:25:48 **** Incremental Build of configuration Debug for project Exercise08 ****
make all 
Building file: ../src/main.cpp
Invoking: Cygwin C++ Compiler
g++ -O0 -g3 -Wall -c -fmessage-length=0 -MMD -MP -MF"src/main.d" -MT"src/main.d" -o "src/main.o" "../src/main.cpp"
Finished building: ../src/main.cpp
 
Building target: Exercise08.exe
Invoking: Cygwin C++ Linker
g++  -o "Exercise08.exe"  ./src/main.o   
Finished building target: Exercise08.exe
 
12:25:55 **** Incremental Build of configuration Debug for project Exercise08 ****
make all 
make: Nothing to be done for 'all'.
12:29:29 **** Incremental Build of configuration Debug for project Exercise08 ****
make all 
Building file: ../src/main.cpp
Invoking: Cygwin C++ Compiler
g++ -O0 -g3 -Wall -c -fmessage-length=0 -MMD -MP -MF"src/main.d" -MT"src/main.d" -o "src/main.o" "../src/main.cpp"
../src/main.cpp: In function 'int main()':
../src/main.cpp:40:20: warning: comparison between signed and unsigned integer expressions [-Wsign-compare]
  for (int i = 0; i < values.size(); i++){
                    ^
Finished building: ../src/main.cpp
 
Building target: Exercise08.exe
Invoking: Cygwin C++ Linker
g++  -o "Exercise08.exe"  ./src/main.o   
Finished building target: Exercise08.exe
 
12:29:37 **** Incremental Build of configuration Debug for project Exercise08 ****
make all 
make: Nothing to be done for 'all'.
09:58:44 **** Build of configuration Debug for project Exercise13 ****
make all 
Building file: ../src/main.cpp
Invoking: Cygwin C++ Compiler
g++ -O0 -g3 -Wall -c -fmessage-length=0 -MMD -MP -MF"src/main.d" -MT"src/main.o" -o "src/main.o" "../src/main.cpp"
In file included from /usr/lib/gcc/x86_64-pc-msys/5.3.0/include/c++/random:35:0,
                 from ../src/main.cpp:2:
/usr/lib/gcc/x86_64-pc-msys/5.3.0/include/c++/bits/c++0x_warning.h:32:2: error: #error This file requires compiler and library support for the ISO C++ 2011 standard. This support is currently experimental, and must be enabled with the -std=c++11 or -std=gnu++11 compiler options.
 #error This file requires compiler and library support for the \
  ^
../src/main.cpp: In function 'int generate()':
../src/main.cpp:10:2: error: 'random_device' is not a member of 'std'
  std::random_device a;
  ^
../src/main.cpp:11:2: error: 'default_random_engine' is not a member of 'std'
  std::default_random_engine b(a());
  ^
../src/main.cpp:12:2: error: 'uniform_int_distribution' is not a member of 'std'
  std::uniform_int_distribution<int> distribution(1, 9);
  ^
../src/main.cpp:12:32: error: expected primary-expression before 'int'
  std::uniform_int_distribution<int> distribution(1, 9);
                                ^
../src/main.cpp:13:29: error: 'b' was not declared in this scope
  int randNum = distribution(b);
                             ^
../src/main.cpp:13:30: error: 'distribution' was not declared in this scope
  int randNum = distribution(b);
                              ^
../src/main.cpp: In function 'int main()':
../src/main.cpp:26:7: warning: unused variable 'bulls' [-Wunused-variable]
   int bulls, cows = 0;
       ^
../src/main.cpp:26:14: warning: unused variable 'cows' [-Wunused-variable]
   int bulls, cows = 0;
              ^
make: *** [src/subdir.mk:20: src/main.o] Error 1
10:16:10 **** Incremental Build of configuration Debug for project Exercise13 ****
make all 
Building file: ../src/main.cpp
Invoking: Cygwin C++ Compiler
g++ -std=c++1y -O0 -g3 -Wall -c -fmessage-length=0 -MMD -MP -MF"src/main.d" -MT"src/main.o" -o "src/main.o" "../src/main.cpp"
../src/main.cpp: In function 'int main()':
../src/main.cpp:26:7: warning: unused variable 'bulls' [-Wunused-variable]
   int bulls, cows = 0;
       ^
../src/main.cpp:26:14: warning: unused variable 'cows' [-Wunused-variable]
   int bulls, cows = 0;
              ^
Finished building: ../src/main.cpp
 
Building target: Exercise13.exe
Invoking: Cygwin C++ Linker
g++  -o "Exercise13.exe"  ./src/main.o   
Finished building target: Exercise13.exe
 
10:16:25 **** Build of configuration Debug for project Exercise08 ****
make all 
Building file: ../src/main.cpp
Invoking: Cygwin C++ Compiler
g++ -O0 -g3 -Wall -c -fmessage-length=0 -MMD -MP -MF"src/main.d" -MT"src/main.o" -o "src/main.o" "../src/main.cpp"
../src/main.cpp: In function 'int main()':
../src/main.cpp:43:20: warning: comparison between signed and unsigned integer expressions [-Wsign-compare]
  for (int i = 0; i < values.size(); i++){
                    ^
Finished building: ../src/main.cpp
 
Building target: Exercise08.exe
Invoking: Cygwin C++ Linker
g++  -o "Exercise08.exe"  ./src/main.o   
Finished building target: Exercise08.exe
 
10:35:49 **** Incremental Build of configuration Debug for project Exercise13 ****
make all 
Building file: ../src/main.cpp
Invoking: Cygwin C++ Compiler
g++ -O0 -g3 -Wall -c -fmessage-length=0 -MMD -MP -MF"src/main.d" -MT"src/main.o" -o "src/main.o" "../src/main.cpp"
In file included from /usr/lib/gcc/x86_64-pc-msys/5.3.0/include/c++/random:35:0,
                 from ../src/main.cpp:2:
/usr/lib/gcc/x86_64-pc-msys/5.3.0/include/c++/bits/c++0x_warning.h:32:2: error: #error This file requires compiler and library support for the ISO C++ 2011 standard. This support is currently experimental, and must be enabled with the -std=c++11 or -std=gnu++11 compiler options.
 #error This file requires compiler and library support for the \
  ^
../src/main.cpp: In function 'int generate()':
../src/main.cpp:14:2: error: expected ',' or ';' before 'return'
  return x;
  ^
../src/main.cpp:13:6: warning: unused variable 'x' [-Wunused-variable]
  int x = (rand() % 9) + 1 // num 1-9
      ^
../src/main.cpp:15:1: warning: no return statement in function returning non-void [-Wreturn-type]
 }
 ^
../src/main.cpp: In function 'int main()':
../src/main.cpp:28:55: error: in C++98 'numbers' must be initialized by constructor, not by '{...}'
     std::vector<int> numbers = {val1, val2, val3, val4};
                                                       ^
../src/main.cpp:28:55: error: could not convert '{val1, val2, val3, val4}' from '<brace-enclosed initializer list>' to 'std::vector<int>'
../src/main.cpp:32:7: warning: unused variable 'bulls' [-Wunused-variable]
   int bulls, cows = 0;
       ^
../src/main.cpp:32:14: warning: unused variable 'cows' [-Wunused-variable]
   int bulls, cows = 0;
              ^
make: *** [src/subdir.mk:20: src/main.o] Error 1
10:38:47 **** Incremental Build of configuration Debug for project Exercise13 ****
make all 
Building file: ../src/main.cpp
Invoking: Cygwin C++ Compiler
g++ -O0 -g3 -Wall -c -fmessage-length=0 -std=c++11 -MMD -MP -MF"src/main.d" -MT"src/main.o" -o "src/main.o" "../src/main.cpp"
../src/main.cpp: In function 'int main()':
../src/main.cpp:32:7: warning: unused variable 'bulls' [-Wunused-variable]
   int bulls, cows = 0;
       ^
../src/main.cpp:32:14: warning: unused variable 'cows' [-Wunused-variable]
   int bulls, cows = 0;
              ^
../src/main.cpp:24:4: warning: 'val1' may be used uninitialized in this function [-Wmaybe-uninitialized]
    if (val1 == val2 || val2 == val3 || val3 == val4  || val4 == val1){
    ^
../src/main.cpp:24:4: warning: 'val2' may be used uninitialized in this function [-Wmaybe-uninitialized]
../src/main.cpp:24:21: warning: 'val3' may be used uninitialized in this function [-Wmaybe-uninitialized]
    if (val1 == val2 || val2 == val3 || val3 == val4  || val4 == val1){
                     ^
Finished building: ../src/main.cpp
 
Building target: Exercise13.exe
Invoking: Cygwin C++ Linker
g++  -o "Exercise13.exe"  ./src/main.o   
Finished building target: Exercise13.exe
 
10:38:58 **** Incremental Build of configuration Debug for project Exercise13 ****
make all 
make: Nothing to be done for 'all'.
13:07:48 **** Build of configuration Debug for project Drill ****
make all 
make: Nothing to be done for 'all'.
13:07:49 **** Build of configuration Debug for project Exercise02 ****
make all 
make: Nothing to be done for 'all'.
13:07:50 **** Build of configuration Debug for project Exercise03 ****
make all 
make: Nothing to be done for 'all'.
13:07:50 **** Build of configuration Debug for project Exercise04 ****
make all 
make: Nothing to be done for 'all'.
13:07:51 **** Build of configuration Debug for project Exercise05 ****
make all 
make: Nothing to be done for 'all'.
13:07:51 **** Build of configuration Debug for project Exercise07 ****
make all 
make: Nothing to be done for 'all'.
13:07:51 **** Incremental Build of configuration Debug for project Exercise08 ****
make all 
make: Nothing to be done for 'all'.
13:07:52 **** Build of configuration Debug for project Exercise09 ****
make all 
make: Nothing to be done for 'all'.
13:07:52 **** Build of configuration Debug for project Exercise10 ****
make all 
make: Nothing to be done for 'all'.
13:07:52 **** Incremental Build of configuration Debug for project Exercise13 ****
make all 
Building file: ../src/main.cpp
Invoking: Cygwin C++ Compiler
g++ -O0 -g3 -Wall -c -fmessage-length=0 -std=c++11 -MMD -MP -MF"src/main.d" -MT"src/main.o" -o "src/main.o" "../src/main.cpp"
../src/main.cpp: In function 'int main()':
../src/main.cpp:44:24: error: 'numbers' was not declared in this scope
    for (int i = 0; i < numbers.size(); i++){
                        ^
../src/main.cpp:50:22: warning: comparison between signed and unsigned integer expressions [-Wsign-compare]
    for (int i = 0; i < guesses.size(); i++){
                      ^
../src/main.cpp:51:25: error: 'numbers' was not declared in this scope
     for (int j = 0; j < numbers.size(); i++){
                         ^
../src/main.cpp:64:17: error: 'x' was not declared in this scope
     std::cin >> x;
                 ^
make: *** [src/subdir.mk:20: src/main.o] Error 1
13:16:30 **** Incremental Build of configuration Debug for project Exercise13 ****
make all 
Building file: ../src/main.cpp
Invoking: Cygwin C++ Compiler
g++ -O0 -g3 -Wall -c -fmessage-length=0 -std=c++11 -MMD -MP -MF"src/main.d" -MT"src/main.o" -o "src/main.o" "../src/main.cpp"
../src/main.cpp: In function 'int main()':
../src/main.cpp:42:24: error: 'numbers' was not declared in this scope
    for (int i = 0; i < numbers.size(); i++){
                        ^
../src/main.cpp:48:22: warning: comparison between signed and unsigned integer expressions [-Wsign-compare]
    for (int i = 0; i < guesses.size(); i++){
                      ^
../src/main.cpp:49:25: error: 'numbers' was not declared in this scope
     for (int j = 0; j < numbers.size(); i++){
                         ^
make: *** [src/subdir.mk:20: src/main.o] Error 1
13:18:29 **** Incremental Build of configuration Debug for project Drill ****
make all 
make: Nothing to be done for 'all'.
13:18:30 **** Incremental Build of configuration Debug for project Exercise02 ****
make all 
make: Nothing to be done for 'all'.
13:18:31 **** Incremental Build of configuration Debug for project Exercise03 ****
make all 
make: Nothing to be done for 'all'.
13:18:31 **** Incremental Build of configuration Debug for project Exercise04 ****
make all 
make: Nothing to be done for 'all'.
13:18:32 **** Incremental Build of configuration Debug for project Exercise05 ****
make all 
make: Nothing to be done for 'all'.
13:18:32 **** Incremental Build of configuration Debug for project Exercise07 ****
make all 
make: Nothing to be done for 'all'.
13:18:32 **** Incremental Build of configuration Debug for project Exercise08 ****
make all 
make: Nothing to be done for 'all'.
13:18:33 **** Incremental Build of configuration Debug for project Exercise09 ****
make all 
make: Nothing to be done for 'all'.
13:18:33 **** Incremental Build of configuration Debug for project Exercise10 ****
make all 
make: Nothing to be done for 'all'.
13:18:33 **** Incremental Build of configuration Debug for project Exercise13 ****
make all 
Building file: ../src/main.cpp
Invoking: Cygwin C++ Compiler
g++ -O0 -g3 -Wall -c -fmessage-length=0 -std=c++11 -MMD -MP -MF"src/main.d" -MT"src/main.o" -o "src/main.o" "../src/main.cpp"
../src/main.cpp: In function 'int main()':
../src/main.cpp:35:31: error: 'val1' was not declared in this scope
   std::vector<int> numbers = {val1, val2, val3, val4};
                               ^
../src/main.cpp:35:37: error: 'val2' was not declared in this scope
   std::vector<int> numbers = {val1, val2, val3, val4};
                                     ^
../src/main.cpp:35:43: error: 'val3' was not declared in this scope
   std::vector<int> numbers = {val1, val2, val3, val4};
                                           ^
../src/main.cpp:35:49: error: 'val4' was not declared in this scope
   std::vector<int> numbers = {val1, val2, val3, val4};
                                                 ^
../src/main.cpp:35:53: error: could not convert '{<expression error>, <expression error>, <expression error>, <expression error>}' from '<brace-enclosed initializer list>' to 'std::vector<int>'
   std::vector<int> numbers = {val1, val2, val3, val4};
                                                     ^
../src/main.cpp:44:22: warning: comparison between signed and unsigned integer expressions [-Wsign-compare]
    for (int i = 0; i < numbers.size(); i++){
                      ^
../src/main.cpp:50:22: warning: comparison between signed and unsigned integer expressions [-Wsign-compare]
    for (int i = 0; i < guesses.size(); i++){
                      ^
../src/main.cpp:51:23: warning: comparison between signed and unsigned integer expressions [-Wsign-compare]
     for (int j = 0; j < numbers.size(); i++){
                       ^
make: *** [src/subdir.mk:20: src/main.o] Error 1
13:23:42 **** Incremental Build of configuration Debug for project Exercise13 ****
make all 
Building file: ../src/main.cpp
Invoking: Cygwin C++ Compiler
g++ -O0 -g3 -Wall -c -fmessage-length=0 -std=c++11 -MMD -MP -MF"src/main.d" -MT"src/main.o" -o "src/main.o" "../src/main.cpp"
../src/main.cpp: In function 'int main()':
../src/main.cpp:45:22: warning: comparison between signed and unsigned integer expressions [-Wsign-compare]
    for (int i = 0; i < numbers.size(); i++){
                      ^
../src/main.cpp:51:22: warning: comparison between signed and unsigned integer expressions [-Wsign-compare]
    for (int i = 0; i < guesses.size(); i++){
                      ^
../src/main.cpp:52:23: warning: comparison between signed and unsigned integer expressions [-Wsign-compare]
     for (int j = 0; j < numbers.size(); i++){
                       ^
Finished building: ../src/main.cpp
 
Building target: Exercise13.exe
Invoking: Cygwin C++ Linker
g++  -o "Exercise13.exe"  ./src/main.o   
Finished building target: Exercise13.exe
 
13:23:52 **** Incremental Build of configuration Debug for project Exercise13 ****
make all 
make: Nothing to be done for 'all'.
13:24:39 **** Incremental Build of configuration Debug for project Exercise13 ****
make all 
Building file: ../src/main.cpp
Invoking: Cygwin C++ Compiler
g++ -O0 -g3 -Wall -c -fmessage-length=0 -std=c++11 -MMD -MP -MF"src/main.d" -MT"src/main.o" -o "src/main.o" "../src/main.cpp"
../src/main.cpp: In function 'int main()':
../src/main.cpp:42:22: warning: comparison between signed and unsigned integer expressions [-Wsign-compare]
    for (int i = 0; i < numbers.size(); i++){
                      ^
../src/main.cpp:48:22: warning: comparison between signed and unsigned integer expressions [-Wsign-compare]
    for (int i = 0; i < guesses.size(); i++){
                      ^
../src/main.cpp:49:23: warning: comparison between signed and unsigned integer expressions [-Wsign-compare]
     for (int j = 0; j < numbers.size(); i++){
                       ^
Finished building: ../src/main.cpp
 
Building target: Exercise13.exe
Invoking: Cygwin C++ Linker
g++  -o "Exercise13.exe"  ./src/main.o   
Finished building target: Exercise13.exe
 
13:24:46 **** Incremental Build of configuration Debug for project Exercise13 ****
make all 
make: Nothing to be done for 'all'.
13:25:20 **** Incremental Build of configuration Debug for project Exercise13 ****
make all 
make: Nothing to be done for 'all'.
13:28:24 **** Incremental Build of configuration Debug for project Exercise13 ****
make all 
Building file: ../src/main.cpp
Invoking: Cygwin C++ Compiler
g++ -O0 -g3 -Wall -c -fmessage-length=0 -std=c++11 -MMD -MP -MF"src/main.d" -MT"src/main.o" -o "src/main.o" "../src/main.cpp"
../src/main.cpp: In function 'int main()':
../src/main.cpp:33:22: warning: comparison between signed and unsigned integer expressions [-Wsign-compare]
    for (int i = 0; i < numbers.size(); i++){
                      ^
../src/main.cpp:39:22: warning: comparison between signed and unsigned integer expressions [-Wsign-compare]
    for (int i = 0; i < guesses.size(); i++){
                      ^
../src/main.cpp:40:23: warning: comparison between signed and unsigned integer expressions [-Wsign-compare]
     for (int j = 0; j < numbers.size(); i++){
                       ^
Finished building: ../src/main.cpp
 
Building target: Exercise13.exe
Invoking: Cygwin C++ Linker
g++  -o "Exercise13.exe"  ./src/main.o   
Finished building target: Exercise13.exe
 
13:28:33 **** Incremental Build of configuration Debug for project Exercise13 ****
make all 
make: Nothing to be done for 'all'.
13:35:42 **** Incremental Build of configuration Debug for project Exercise13 ****
make all 
Building file: ../src/main.cpp
Invoking: Cygwin C++ Compiler
g++ -O0 -g3 -Wall -c -fmessage-length=0 -std=c++11 -MMD -MP -MF"src/main.d" -MT"src/main.o" -o "src/main.o" "../src/main.cpp"
../src/main.cpp: In function 'int main()':
../src/main.cpp:33:22: warning: comparison between signed and unsigned integer expressions [-Wsign-compare]
    for (int i = 0; i < numbers.size(); i++){
                      ^
../src/main.cpp:39:22: warning: comparison between signed and unsigned integer expressions [-Wsign-compare]
    for (int i = 0; i < guesses.size(); i++){
                      ^
../src/main.cpp:40:23: warning: comparison between signed and unsigned integer expressions [-Wsign-compare]
     for (int j = 0; j < numbers.size(); j++){
                       ^
Finished building: ../src/main.cpp
 
Building target: Exercise13.exe
Invoking: Cygwin C++ Linker
g++  -o "Exercise13.exe"  ./src/main.o   
Finished building target: Exercise13.exe
 
13:35:47 **** Incremental Build of configuration Debug for project Exercise13 ****
make all 
make: Nothing to be done for 'all'.
13:35:48 **** Incremental Build of configuration Debug for project Exercise13 ****
make all 
make: Nothing to be done for 'all'.
13:36:09 **** Incremental Build of configuration Debug for project Exercise13 ****
make all 
make: Nothing to be done for 'all'.
13:38:21 **** Incremental Build of configuration Debug for project Exercise13 ****
make all 
Building file: ../src/main.cpp
Invoking: Cygwin C++ Compiler
g++ -O0 -g3 -Wall -c -fmessage-length=0 -std=c++11 -MMD -MP -MF"src/main.d" -MT"src/main.o" -o "src/main.o" "../src/main.cpp"
../src/main.cpp: In function 'int main()':
../src/main.cpp:33:22: warning: comparison between signed and unsigned integer expressions [-Wsign-compare]
    for (int i = 0; i < numbers.size(); i++){
                      ^
../src/main.cpp:39:22: warning: comparison between signed and unsigned integer expressions [-Wsign-compare]
    for (int i = 0; i < guesses.size(); i++){
                      ^
../src/main.cpp:40:23: warning: comparison between signed and unsigned integer expressions [-Wsign-compare]
     for (int j = 0; j < numbers.size(); j++){
                       ^
Finished building: ../src/main.cpp
 
Building target: Exercise13.exe
Invoking: Cygwin C++ Linker
g++  -o "Exercise13.exe"  ./src/main.o   
Finished building target: Exercise13.exe
 
13:38:28 **** Incremental Build of configuration Debug for project Exercise13 ****
make all 
make: Nothing to be done for 'all'.
